

<!DOCTYPE html>
<html>
<head>
<meta charset="UTF-8">
<meta name="viewport" content="width=device-width, initial-scale=1, shrink-to-fit=no">
<title>Extent Framework</title>
<link rel="apple-touch-icon" href="https://cdn.jsdelivr.net/gh/extent-framework/extent-github-cdn@b00a2d0486596e73dd7326beacf352c639623a0e/commons/img/logo.png">
<link rel="shortcut icon" href="https://cdn.jsdelivr.net/gh/extent-framework/extent-github-cdn@b00a2d0486596e73dd7326beacf352c639623a0e/commons/img/logo.png">
<link href="https://cdn.jsdelivr.net/gh/extent-framework/extent-github-cdn@ce8b10435bcbae260c334c0d0c6b61d2c19b6168/spark/css/spark-style.css" rel="stylesheet" />
<link href="https://stackpath.bootstrapcdn.com/font-awesome/4.7.0/css/font-awesome.min.css" rel="stylesheet">
<script src="https://cdn.jsdelivr.net/gh/extent-framework/extent-github-cdn@7cc78ce/spark/js/jsontree.js"></script>
<style type="text/css"></style></head><body class="spa -report standard">
  <div class="app">
    <div class="layout">
<div class="header navbar">
<div class="vheader">
<div class="nav-logo">
<a href="#">
<div class="logo" style="background-image: url('https://cdn.jsdelivr.net/gh/extent-framework/extent-github-cdn@b00a2d0486596e73dd7326beacf352c639623a0e/commons/img/logo.png')"></div>
</a>
</div>
<ul class="nav-left">
<li class="search-box">
<a class="search-toggle" href="#">
<i class="search-icon fa fa-search"></i>
<i class="search-icon-close fa fa-close"></i>
</a>
</li>
<li class="search-input"><input id="search-tests" class="form-control" type="text" placeholder="Search..."></li>
</ul>
<ul class="nav-right">
<li class="m-r-10">
<a href="#"><span class="badge badge-primary">ITM Platform Test Report</span></a>
</li>
<li class="m-r-10">
<a href="#"><span class="badge badge-primary">Sep 23, 2024 15:37:46</span></a>
</li>
</ul>
</div>
</div><div class="side-nav">
<div class="side-nav-inner">
<ul class="side-nav-menu">
<li class="nav-item dropdown" onclick="toggleView('dashboard-view')">
<a id="nav-dashboard" class="dropdown-toggle" href="#">
<span class="ico"><i class="fa fa-bar-chart"></i></span>
</a>
</li>
<li class="nav-item dropdown" onclick="toggleView('test-view')">
<a id="nav-test" class="dropdown-toggle" href="#">
<span class="ico"><i class="fa fa-list"></i></span>
</a>
</li>
</ul>
</div>
</div>      <div class="vcontainer">
        <div class="main-content">
<div class="container-fluid p-4 view dashboard-view">
<div class="row">
<div class="col-md-3">
<div class="card"><div class="card-body">
<p class="m-b-0">Started</p>
<h3>Sep 23, 2024 15:37:46</h3>
</div></div>
</div>
<div class="col-md-3">
<div class="card"><div class="card-body">
<p class="m-b-0">Ended</p>
<h3>Sep 23, 2024 15:57:16</h3>
</div></div>
</div>
<div class="col-md-3">
<div class="card"><div class="card-body">
<p class="m-b-0 text-pass">Tests Passed</p>
<h3>11</h3>
</div></div>
</div>
<div class="col-md-3">
<div class="card"><div class="card-body">
<p class="m-b-0 text-fail">Tests Failed</p>
<h3>14</h3>
</div></div>
</div>
</div>
<div class="row">
<div class="col-md-6">
<div class="card">
<div class="card-header">
<h6 class="card-title">Tests</h6>
</div>
<div class="card-body">
<div class="">
<canvas id='parent-analysis' width='115' height='90'></canvas>
</div>
</div>
<div class="card-footer">
<div><small data-tooltip='44%'>
<b>11</b> tests passed
</small>
</div>
<div>
<small data-tooltip='56%'><b>14</b> tests failed,
<b>0</b> skipped, <b data-tooltip='0%'>0</b> others
</small>
</div>
</div>
</div>
</div>
<div class="col-md-6">
<div class="card">
<div class="card-header">
<h6 class="card-title">Log events</h6>
</div>
<div class="card-body">
<div class="">
<canvas id='events-analysis' width='115' height='90'></canvas>
</div>
</div>
<div class="card-footer">
<div><small data-tooltip='93%'><b>438</b> events passed</small></div>
<div>
<small data-tooltip='6%'><b>28</b> events failed,
<b data-tooltip='%'>0</b> others
</small>
</div>
</div>
</div>
</div>
</div>
<div class="row"><div class="col-md-12">
<div class="card"><div class="card-header"><p>Timeline</p></div>
<div class="card-body pt-0"><div>
<canvas id="timeline" height="120"></canvas>
</div></div>
</div>
</div></div>
<script>
var timeline = {
"createWaterfallProject":33.131,"createTask":29.909,"addSprint":21.627,"addBudgetAccountAndPurchase":45.842,"addTaskPurchase":29.227,"addTaskProgress":20.483,"addRevenue":34.145,"deletePurchaseAndBudgetAccountAdded":22.487,"deleteTasksAdded":29.699,"deleteSprintAdded":24.547,"deleteProjectRevenueAdded":6.608,"deleteWaterfallProjectAdded":13.791,"createAgileProjectAndDeleteCreatedProject":29.189,"estimateEffortHoursTest":56.591,"hourlyRevenueTest":58.196,"overallTesting":26.477,"addEstimateTimeEffortTask":100.265,"addProgressReportToProject":57.48,"addBusinessGoalAndAddToProject":59.381,"verifyInputAndOutputCostNotMandatoryInCategoryStandard":42.714,"verifyValidationMessageIsDisplayedNotSavingTaskMemberDetails":35.4,"compareGanttDetailsFromGanttSnapshot":94.811,"verifyCategoryAmountFromMyProfessionalPage":25.171,"VerifyPasswordUpdateIsNotRequiredWhenChangingUserEmail":32.595,"automaticProgressReportDefaultEnabledChecked":55.584
};
</script>
<div class="row">
</div>
</div>
<script>
var statusGroup = {
parentCount: 5,
passParent: 11,
failParent: 14,
warningParent: 0,
skipParent: 0,
childCount: 5,
passChild: 0,
failChild: 0,
warningChild: 0,
skipChild: 0,
infoChild: 0,
grandChildCount: 5,
passGrandChild: 0,
failGrandChild: 0,
warningGrandChild: 0,
skipGrandChild: 0,
infoGrandChild: 0,
eventsCount: 5,
passEvents: 438,
failEvents: 28,
warningEvents: 0,
skipEvents: 0,
infoEvents: 0
};
</script><div class="test-wrapper row view test-view">
  <div class="test-list">
    <div class="test-list-tools">
<ul class="tools pull-left">
<li><a href="#"><span class="font-size-14">Tests</span></a></li>
</ul>
<ul class="tools text-right">
<li class="dropdown">
<a href="#" class="dropdown-toggle" data-toggle="dropdown"><i class="fa fa-exclamation-circle"></i></a>
<ul id="status-toggle" class="dropdown-menu dropdown-md p-v-0">
<a class="dropdown-item" status="pass" href="#"><span>Pass</span><span class="status success"></span></a>
<a class="dropdown-item" status="fail" href="#"><span>Fail</span><span class="status danger"></span></a>
<div class="dropdown-divider"></div>
<a status="clear" class="dropdown-item" href="#"><span>Clear</span><span class="pull-right"><i class="fa fa-close"></i></span></a>
</ul>
</li>
</ul>
</div>    <div class="test-list-wrapper scrollable">
      <ul class="test-list-item">
        <li class="test-item"  status="pass" test-id="1"
          author=""
          tag=""
          device="">
          <div class="test-detail">
            <p class="name">createWaterfallProject</p>
            <p class="text-sm">
              <span>3:37:53 PM</span> / <span>00:00:33:131</span>
              <span class="badge pass-bg log float-right">Pass</span>
            </p>
          </div>
          <div class="test-contents d-none">
<div class="detail-head">
<div class="p-v-10">
<div class="info">
<h5 class="test-status text-pass">createWaterfallProject</h5>
<span class='badge badge-success'>09.23.2024 3:37:53 PM</span>
<span class='badge badge-danger'>09.23.2024 3:38:26 PM</span>
<span class='badge badge-default'>00:00:33:131</span>
&middot; <span class='uri-anchor badge badge-default'>#test-id=1</span>
<span title='Skip to the next failed step' class='badge badge-danger pointer float-right ne ml-1'><i class="fa fa-fast-forward"></i></span>
<span title='Collapse all nodes' class='badge badge-default pointer float-right ct ml-1'><i class="fa fa-compress"></i></span>
<span title='Expand all nodes' class='badge badge-default pointer float-right et'><i class="fa fa-expand"></i></span>
</div>
</div>
</div><div class="detail-body mt-4">
<table class="table table-sm">
  <thead><tr><th class="status-col">Status</th><th class="timestamp-col">Timestamp</th><th class="details-col">Details</th></tr></thead>
  <tbody>
      <tr class="event-row">
        <td><span class="badge log pass-bg">Pass</span></td>
        <td>3:37:54 PM</td>
        <td>
          Navigated to projects module from the side menu
        </td>
      </tr>
      <tr class="event-row">
        <td><span class="badge log pass-bg">Pass</span></td>
        <td>3:38:02 PM</td>
        <td>
          Selected create new waterfall project option
        </td>
      </tr>
      <tr class="event-row">
        <td><span class="badge log pass-bg">Pass</span></td>
        <td>3:38:02 PM</td>
        <td>
          Project tabs are disabled before saving the project general details
        </td>
      </tr>
      <tr class="event-row">
        <td><span class="badge log pass-bg">Pass</span></td>
        <td>3:38:03 PM</td>
        <td>
          Defined project name as - DemoWaterfallProject15_37_46
        </td>
      </tr>
      <tr class="event-row">
        <td><span class="badge log pass-bg">Pass</span></td>
        <td>3:38:04 PM</td>
        <td>
          Selected project approval status as - Approved
        </td>
      </tr>
      <tr class="event-row">
        <td><span class="badge log pass-bg">Pass</span></td>
        <td>3:38:05 PM</td>
        <td>
          Selected project priority as - Low
        </td>
      </tr>
      <tr class="event-row">
        <td><span class="badge log pass-bg">Pass</span></td>
        <td>3:38:07 PM</td>
        <td>
          Selected project type as - Consulting
        </td>
      </tr>
      <tr class="event-row">
        <td><span class="badge log pass-bg">Pass</span></td>
        <td>3:38:08 PM</td>
        <td>
          Checked the enable sprint checkbox
        </td>
      </tr>
      <tr class="event-row">
        <td><span class="badge log pass-bg">Pass</span></td>
        <td>3:38:09 PM</td>
        <td>
          Checked the enable revenue checkbox
        </td>
      </tr>
      <tr class="event-row">
        <td><span class="badge log pass-bg">Pass</span></td>
        <td>3:38:15 PM</td>
        <td>
          Saved the project general details
        </td>
      </tr>
      <tr class="event-row">
        <td><span class="badge log pass-bg">Pass</span></td>
        <td>3:38:15 PM</td>
        <td>
          Sprint tab is present
        </td>
      </tr>
      <tr class="event-row">
        <td><span class="badge log pass-bg">Pass</span></td>
        <td>3:38:16 PM</td>
        <td>
          Navigated to projects module from the side menu
        </td>
      </tr>
      <tr class="event-row">
        <td><span class="badge log pass-bg">Pass</span></td>
        <td>3:38:19 PM</td>
        <td>
          Entered DemoWaterfallProject15_37_46 project name in the project name filter
        </td>
      </tr>
      <tr class="event-row">
        <td><span class="badge log pass-bg">Pass</span></td>
        <td>3:38:20 PM</td>
        <td>
          Checked the active projects filter checkbox
        </td>
      </tr>
      <tr class="event-row">
        <td><span class="badge log pass-bg">Pass</span></td>
        <td>3:38:21 PM</td>
        <td>
          Clicked the filter apply button
        </td>
      </tr>
      <tr class="event-row">
        <td><span class="badge log pass-bg">Pass</span></td>
        <td>3:38:21 PM</td>
        <td>
          DemoWaterfallProject15_37_46 is present in the project list
        </td>
      </tr>
      <tr class="event-row">
        <td><span class="badge log pass-bg">Pass</span></td>
        <td>3:38:26 PM</td>
        <td>
          Navigated to DemoWaterfallProject15_37_46 project
        </td>
      </tr>
      <tr class="event-row">
        <td><span class="badge log pass-bg">Pass</span></td>
        <td>3:38:26 PM</td>
        <td>
          createWaterfallProject is passed
        </td>
      </tr>
  </tbody>
</table>
</div>
          </div>
        </li>
        <li class="test-item"  status="pass" test-id="2"
          author=""
          tag=""
          device="">
          <div class="test-detail">
            <p class="name">createTask</p>
            <p class="text-sm">
              <span>3:38:26 PM</span> / <span>00:00:29:909</span>
              <span class="badge pass-bg log float-right">Pass</span>
            </p>
          </div>
          <div class="test-contents d-none">
<div class="detail-head">
<div class="p-v-10">
<div class="info">
<h5 class="test-status text-pass">createTask</h5>
<span class='badge badge-success'>09.23.2024 3:38:26 PM</span>
<span class='badge badge-danger'>09.23.2024 3:38:56 PM</span>
<span class='badge badge-default'>00:00:29:909</span>
&middot; <span class='uri-anchor badge badge-default'>#test-id=2</span>
<span title='Skip to the next failed step' class='badge badge-danger pointer float-right ne ml-1'><i class="fa fa-fast-forward"></i></span>
<span title='Collapse all nodes' class='badge badge-default pointer float-right ct ml-1'><i class="fa fa-compress"></i></span>
<span title='Expand all nodes' class='badge badge-default pointer float-right et'><i class="fa fa-expand"></i></span>
</div>
</div>
</div><div class="detail-body mt-4">
<table class="table table-sm">
  <thead><tr><th class="status-col">Status</th><th class="timestamp-col">Timestamp</th><th class="details-col">Details</th></tr></thead>
  <tbody>
      <tr class="event-row">
        <td><span class="badge log pass-bg">Pass</span></td>
        <td>3:38:28 PM</td>
        <td>
          Navigated to tasks tab
        </td>
      </tr>
      <tr class="event-row">
        <td><span class="badge log pass-bg">Pass</span></td>
        <td>3:38:32 PM</td>
        <td>
          Selected add new task option
        </td>
      </tr>
      <tr class="event-row">
        <td><span class="badge log pass-bg">Pass</span></td>
        <td>3:38:32 PM</td>
        <td>
          Entered task name as - DemoTestTask
        </td>
      </tr>
      <tr class="event-row">
        <td><span class="badge log pass-bg">Pass</span></td>
        <td>3:38:32 PM</td>
        <td>
          Selected task status as - In Progress
        </td>
      </tr>
      <tr class="event-row">
        <td><span class="badge log pass-bg">Pass</span></td>
        <td>3:38:32 PM</td>
        <td>
          Selected task type as - New Feature
        </td>
      </tr>
      <tr class="event-row">
        <td><span class="badge log pass-bg">Pass</span></td>
        <td>3:38:32 PM</td>
        <td>
          Selected task priority as - Low
        </td>
      </tr>
      <tr class="event-row">
        <td><span class="badge log pass-bg">Pass</span></td>
        <td>3:38:32 PM</td>
        <td>
          Entered 22-07-2024 as task start date
        </td>
      </tr>
      <tr class="event-row">
        <td><span class="badge log pass-bg">Pass</span></td>
        <td>3:38:33 PM</td>
        <td>
          Entered 26-07-2024 as task start date
        </td>
      </tr>
      <tr class="event-row">
        <td><span class="badge log pass-bg">Pass</span></td>
        <td>3:38:35 PM</td>
        <td>
          Saved the task general details
        </td>
      </tr>
      <tr class="event-row">
        <td><span class="badge log pass-bg">Pass</span></td>
        <td>3:38:36 PM</td>
        <td>
          Task duration is as expected - 5 days
        </td>
      </tr>
      <tr class="event-row">
        <td><span class="badge log pass-bg">Pass</span></td>
        <td>3:38:38 PM</td>
        <td>
          Navigated to tasks tab
        </td>
      </tr>
      <tr class="event-row">
        <td><span class="badge log pass-bg">Pass</span></td>
        <td>3:38:39 PM</td>
        <td>
          Entered the DemoTestTask task name in the task name filter
        </td>
      </tr>
      <tr class="event-row">
        <td><span class="badge log pass-bg">Pass</span></td>
        <td>3:38:40 PM</td>
        <td>
          Clicked the filter apply button
        </td>
      </tr>
      <tr class="event-row">
        <td><span class="badge log pass-bg">Pass</span></td>
        <td>3:38:42 PM</td>
        <td>
          DemoTestTask is present in the tasks list
        </td>
      </tr>
      <tr class="event-row">
        <td><span class="badge log pass-bg">Pass</span></td>
        <td>3:38:46 PM</td>
        <td>
          Navigated to task - DemoTestTask
        </td>
      </tr>
      <tr class="event-row">
        <td><span class="badge log pass-bg">Pass</span></td>
        <td>3:38:46 PM</td>
        <td>
          Project start and end dates are as expected
        </td>
      </tr>
      <tr class="event-row">
        <td><span class="badge log pass-bg">Pass</span></td>
        <td>3:38:48 PM</td>
        <td>
          Navigated to tasks tab
        </td>
      </tr>
      <tr class="event-row">
        <td><span class="badge log pass-bg">Pass</span></td>
        <td>3:38:52 PM</td>
        <td>
          Navigated to gantt tab
        </td>
      </tr>
      <tr class="event-row">
        <td><span class="badge log pass-bg">Pass</span></td>
        <td>3:38:56 PM</td>
        <td>
          Searched task from gantt search bar - DemoTestTask
        </td>
      </tr>
      <tr class="event-row">
        <td><span class="badge log pass-bg">Pass</span></td>
        <td>3:38:56 PM</td>
        <td>
          DemoTestTask task is present in the gantt tasks list
        </td>
      </tr>
      <tr class="event-row">
        <td><span class="badge log pass-bg">Pass</span></td>
        <td>3:38:56 PM</td>
        <td>
          createTask is passed
        </td>
      </tr>
  </tbody>
</table>
</div>
          </div>
        </li>
        <li class="test-item"  status="pass" test-id="3"
          author=""
          tag=""
          device="">
          <div class="test-detail">
            <p class="name">addSprint</p>
            <p class="text-sm">
              <span>3:38:56 PM</span> / <span>00:00:21:627</span>
              <span class="badge pass-bg log float-right">Pass</span>
            </p>
          </div>
          <div class="test-contents d-none">
<div class="detail-head">
<div class="p-v-10">
<div class="info">
<h5 class="test-status text-pass">addSprint</h5>
<span class='badge badge-success'>09.23.2024 3:38:56 PM</span>
<span class='badge badge-danger'>09.23.2024 3:39:18 PM</span>
<span class='badge badge-default'>00:00:21:627</span>
&middot; <span class='uri-anchor badge badge-default'>#test-id=3</span>
<span title='Skip to the next failed step' class='badge badge-danger pointer float-right ne ml-1'><i class="fa fa-fast-forward"></i></span>
<span title='Collapse all nodes' class='badge badge-default pointer float-right ct ml-1'><i class="fa fa-compress"></i></span>
<span title='Expand all nodes' class='badge badge-default pointer float-right et'><i class="fa fa-expand"></i></span>
</div>
</div>
</div><div class="detail-body mt-4">
<table class="table table-sm">
  <thead><tr><th class="status-col">Status</th><th class="timestamp-col">Timestamp</th><th class="details-col">Details</th></tr></thead>
  <tbody>
      <tr class="event-row">
        <td><span class="badge log pass-bg">Pass</span></td>
        <td>3:38:59 PM</td>
        <td>
          Navigated to sprints tab
        </td>
      </tr>
      <tr class="event-row">
        <td><span class="badge log pass-bg">Pass</span></td>
        <td>3:38:59 PM</td>
        <td>
          Clicked the add sprint button
        </td>
      </tr>
      <tr class="event-row">
        <td><span class="badge log pass-bg">Pass</span></td>
        <td>3:39:01 PM</td>
        <td>
          Enter sprint name as - DemoTestSprint
        </td>
      </tr>
      <tr class="event-row">
        <td><span class="badge log pass-bg">Pass</span></td>
        <td>3:39:01 PM</td>
        <td>
          Selected sprint duration type as - CUSTOM
        </td>
      </tr>
      <tr class="event-row">
        <td><span class="badge log pass-bg">Pass</span></td>
        <td>3:39:01 PM</td>
        <td>
          Set sprint start date as - 22-07-2024
        </td>
      </tr>
      <tr class="event-row">
        <td><span class="badge log pass-bg">Pass</span></td>
        <td>3:39:02 PM</td>
        <td>
          Set sprint end date as - 26-07-2024
        </td>
      </tr>
      <tr class="event-row">
        <td><span class="badge log pass-bg">Pass</span></td>
        <td>3:39:02 PM</td>
        <td>
          Saved the sprint details
        </td>
      </tr>
      <tr class="event-row">
        <td><span class="badge log pass-bg">Pass</span></td>
        <td>3:39:04 PM</td>
        <td>
          DemoTestSprint sprint is present in the list
        </td>
      </tr>
      <tr class="event-row">
        <td><span class="badge log pass-bg">Pass</span></td>
        <td>3:39:06 PM</td>
        <td>
          Navigated to tasks tab
        </td>
      </tr>
      <tr class="event-row">
        <td><span class="badge log pass-bg">Pass</span></td>
        <td>3:39:09 PM</td>
        <td>
          Selected add new task option
        </td>
      </tr>
      <tr class="event-row">
        <td><span class="badge log pass-bg">Pass</span></td>
        <td>3:39:09 PM</td>
        <td>
          Entered task name as - DemoSprintTask
        </td>
      </tr>
      <tr class="event-row">
        <td><span class="badge log pass-bg">Pass</span></td>
        <td>3:39:09 PM</td>
        <td>
          Entered 22-07-2024 as task start date
        </td>
      </tr>
      <tr class="event-row">
        <td><span class="badge log pass-bg">Pass</span></td>
        <td>3:39:09 PM</td>
        <td>
          Entered 26-07-2024 as task start date
        </td>
      </tr>
      <tr class="event-row">
        <td><span class="badge log pass-bg">Pass</span></td>
        <td>3:39:10 PM</td>
        <td>
          Selected DemoTestSprint sprint for task
        </td>
      </tr>
      <tr class="event-row">
        <td><span class="badge log pass-bg">Pass</span></td>
        <td>3:39:11 PM</td>
        <td>
          Saved the task general details
        </td>
      </tr>
      <tr class="event-row">
        <td><span class="badge log pass-bg">Pass</span></td>
        <td>3:39:14 PM</td>
        <td>
          Navigated to sprints tab
        </td>
      </tr>
      <tr class="event-row">
        <td><span class="badge log pass-bg">Pass</span></td>
        <td>3:39:14 PM</td>
        <td>
          DemoSprintTask task is present in the DemoTestSprint sprint with To Do status
        </td>
      </tr>
      <tr class="event-row">
        <td><span class="badge log pass-bg">Pass</span></td>
        <td>3:39:16 PM</td>
        <td>
          DemoTestSprint sprint delete option is disabled
        </td>
      </tr>
      <tr class="event-row">
        <td><span class="badge log pass-bg">Pass</span></td>
        <td>3:39:17 PM</td>
        <td>
          Navigated to project general tab
        </td>
      </tr>
      <tr class="event-row">
        <td><span class="badge log pass-bg">Pass</span></td>
        <td>3:39:18 PM</td>
        <td>
          Enable sprint checkbox is disabled
        </td>
      </tr>
      <tr class="event-row">
        <td><span class="badge log pass-bg">Pass</span></td>
        <td>3:39:18 PM</td>
        <td>
          addSprint is passed
        </td>
      </tr>
  </tbody>
</table>
</div>
          </div>
        </li>
        <li class="test-item"  status="pass" test-id="4"
          author=""
          tag=""
          device="">
          <div class="test-detail">
            <p class="name">addBudgetAccountAndPurchase</p>
            <p class="text-sm">
              <span>3:39:18 PM</span> / <span>00:00:45:842</span>
              <span class="badge pass-bg log float-right">Pass</span>
            </p>
          </div>
          <div class="test-contents d-none">
<div class="detail-head">
<div class="p-v-10">
<div class="info">
<h5 class="test-status text-pass">addBudgetAccountAndPurchase</h5>
<span class='badge badge-success'>09.23.2024 3:39:18 PM</span>
<span class='badge badge-danger'>09.23.2024 3:40:04 PM</span>
<span class='badge badge-default'>00:00:45:842</span>
&middot; <span class='uri-anchor badge badge-default'>#test-id=4</span>
<span title='Skip to the next failed step' class='badge badge-danger pointer float-right ne ml-1'><i class="fa fa-fast-forward"></i></span>
<span title='Collapse all nodes' class='badge badge-default pointer float-right ct ml-1'><i class="fa fa-compress"></i></span>
<span title='Expand all nodes' class='badge badge-default pointer float-right et'><i class="fa fa-expand"></i></span>
</div>
</div>
</div><div class="detail-body mt-4">
<table class="table table-sm">
  <thead><tr><th class="status-col">Status</th><th class="timestamp-col">Timestamp</th><th class="details-col">Details</th></tr></thead>
  <tbody>
      <tr class="event-row">
        <td><span class="badge log pass-bg">Pass</span></td>
        <td>3:39:20 PM</td>
        <td>
          Navigated to project purchases tab
        </td>
      </tr>
      <tr class="event-row">
        <td><span class="badge log pass-bg">Pass</span></td>
        <td>3:39:20 PM</td>
        <td>
          Clicked the add budget account button
        </td>
      </tr>
      <tr class="event-row">
        <td><span class="badge log pass-bg">Pass</span></td>
        <td>3:39:20 PM</td>
        <td>
          Entered budget account name as - DemoBudgetAccount
        </td>
      </tr>
      <tr class="event-row">
        <td><span class="badge log pass-bg">Pass</span></td>
        <td>3:39:20 PM</td>
        <td>
          Entered budget account amount as - 50.000,00
        </td>
      </tr>
      <tr class="event-row">
        <td><span class="badge log pass-bg">Pass</span></td>
        <td>3:39:22 PM</td>
        <td>
          Save the budget account details
        </td>
      </tr>
      <tr class="event-row">
        <td><span class="badge log pass-bg">Pass</span></td>
        <td>3:39:24 PM</td>
        <td>
          Navigated to project purchases tab
        </td>
      </tr>
      <tr class="event-row">
        <td><span class="badge log pass-bg">Pass</span></td>
        <td>3:39:26 PM</td>
        <td>
          DemoBudgetAccount budget account is present in the list with 50.000,00 amount
        </td>
      </tr>
      <tr class="event-row">
        <td><span class="badge log pass-bg">Pass</span></td>
        <td>3:39:27 PM</td>
        <td>
          Clicked the add new purchase option
        </td>
      </tr>
      <tr class="event-row">
        <td><span class="badge log pass-bg">Pass</span></td>
        <td>3:39:28 PM</td>
        <td>
          Entered purchase name as - DemoTestPurchase
        </td>
      </tr>
      <tr class="event-row">
        <td><span class="badge log pass-bg">Pass</span></td>
        <td>3:39:30 PM</td>
        <td>
          Selected DemoBudgetAccount budget account for the purchase
        </td>
      </tr>
      <tr class="event-row">
        <td><span class="badge log pass-bg">Pass</span></td>
        <td>3:39:30 PM</td>
        <td>
          Purchase total budget - 50.000,00 and purchase available budget - 50.000,00
        </td>
      </tr>
      <tr class="event-row">
        <td><span class="badge log pass-bg">Pass</span></td>
        <td>3:39:34 PM</td>
        <td>
          Selected purchase current status as - Order placed
        </td>
      </tr>
      <tr class="event-row">
        <td><span class="badge log pass-bg">Pass</span></td>
        <td>3:39:37 PM</td>
        <td>
          Entered purchase status date as - 23-09-2024
        </td>
      </tr>
      <tr class="event-row">
        <td><span class="badge log pass-bg">Pass</span></td>
        <td>3:39:37 PM</td>
        <td>
          Entered purchase projected amount as - 10.000,00
        </td>
      </tr>
      <tr class="event-row">
        <td><span class="badge log pass-bg">Pass</span></td>
        <td>3:39:40 PM</td>
        <td>
          Saved the purchase details
        </td>
      </tr>
      <tr class="event-row">
        <td><span class="badge log pass-bg">Pass</span></td>
        <td>3:39:42 PM</td>
        <td>
          Navigated to project purchases tab
        </td>
      </tr>
      <tr class="event-row">
        <td><span class="badge log pass-bg">Pass</span></td>
        <td>3:39:45 PM</td>
        <td>
          DemoTestPurchase purchase is present in the purchases list
        </td>
      </tr>
      <tr class="event-row">
        <td><span class="badge log pass-bg">Pass</span></td>
        <td>3:39:49 PM</td>
        <td>
          Navigated to DemoTestPurchase purchase
        </td>
      </tr>
      <tr class="event-row">
        <td><span class="badge log pass-bg">Pass</span></td>
        <td>3:39:53 PM</td>
        <td>
          Selected purchase current status as - Paid
        </td>
      </tr>
      <tr class="event-row">
        <td><span class="badge log pass-bg">Pass</span></td>
        <td>3:39:54 PM</td>
        <td>
          Accepted the alert
        </td>
      </tr>
      <tr class="event-row">
        <td><span class="badge log pass-bg">Pass</span></td>
        <td>3:39:57 PM</td>
        <td>
          Saved the purchase details
        </td>
      </tr>
      <tr class="event-row">
        <td><span class="badge log pass-bg">Pass</span></td>
        <td>3:39:57 PM</td>
        <td>
          Actual amount is reflected as - 10.000,00
        </td>
      </tr>
      <tr class="event-row">
        <td><span class="badge log pass-bg">Pass</span></td>
        <td>3:39:57 PM</td>
        <td>
          Purchase total budget - 50.000,00 and purchase available budget - 40.000,00
        </td>
      </tr>
      <tr class="event-row">
        <td><span class="badge log pass-bg">Pass</span></td>
        <td>3:39:59 PM</td>
        <td>
          Navigated to project purchases tab
        </td>
      </tr>
      <tr class="event-row">
        <td><span class="badge log pass-bg">Pass</span></td>
        <td>3:40:02 PM</td>
        <td>
          DemoTestPurchase purchase is present in the purchases list
        </td>
      </tr>
      <tr class="event-row">
        <td><span class="badge log pass-bg">Pass</span></td>
        <td>3:40:04 PM</td>
        <td>
          DemoBudgetAccount budget account is present in the list with 50.000,00 amount
        </td>
      </tr>
      <tr class="event-row">
        <td><span class="badge log pass-bg">Pass</span></td>
        <td>3:40:04 PM</td>
        <td>
          addBudgetAccountAndPurchase is passed
        </td>
      </tr>
  </tbody>
</table>
</div>
          </div>
        </li>
        <li class="test-item"  status="fail" test-id="5"
          author=""
          tag=""
          device="">
          <div class="test-detail">
            <p class="name">addTaskPurchase</p>
            <p class="text-sm">
              <span>3:40:04 PM</span> / <span>00:00:29:227</span>
              <span class="badge fail-bg log float-right">Fail</span>
            </p>
          </div>
          <div class="test-contents d-none">
<div class="detail-head">
<div class="p-v-10">
<div class="info">
<h5 class="test-status text-fail">addTaskPurchase</h5>
<span class='badge badge-success'>09.23.2024 3:40:04 PM</span>
<span class='badge badge-danger'>09.23.2024 3:40:33 PM</span>
<span class='badge badge-default'>00:00:29:227</span>
&middot; <span class='uri-anchor badge badge-default'>#test-id=5</span>
<span title='Skip to the next failed step' class='badge badge-danger pointer float-right ne ml-1'><i class="fa fa-fast-forward"></i></span>
<span title='Collapse all nodes' class='badge badge-default pointer float-right ct ml-1'><i class="fa fa-compress"></i></span>
<span title='Expand all nodes' class='badge badge-default pointer float-right et'><i class="fa fa-expand"></i></span>
</div>
</div>
</div>    <div class="row mb-3"><div class="col-md-3">
    

<img data-featherlight='C:\UI-E2E-Testing/src/test/java/TestReport/FailTestsScreenCapture/addTaskPurchase.png' src="C:\UI-E2E-Testing/src/test/java/TestReport/FailTestsScreenCapture/addTaskPurchase.png">
  
    

    </div></div>
<div class="detail-body mt-4">
<table class="table table-sm">
  <thead><tr><th class="status-col">Status</th><th class="timestamp-col">Timestamp</th><th class="details-col">Details</th></tr></thead>
  <tbody>
      <tr class="event-row">
        <td><span class="badge log pass-bg">Pass</span></td>
        <td>3:40:06 PM</td>
        <td>
          Navigated to tasks tab
        </td>
      </tr>
      <tr class="event-row">
        <td><span class="badge log pass-bg">Pass</span></td>
        <td>3:40:10 PM</td>
        <td>
          Navigated to task - DemoTestTask
        </td>
      </tr>
      <tr class="event-row">
        <td><span class="badge log pass-bg">Pass</span></td>
        <td>3:40:12 PM</td>
        <td>
          Switched to task purchase tab
        </td>
      </tr>
      <tr class="event-row">
        <td><span class="badge log pass-bg">Pass</span></td>
        <td>3:40:14 PM</td>
        <td>
          Selected the task add purchase option
        </td>
      </tr>
      <tr class="event-row">
        <td><span class="badge log pass-bg">Pass</span></td>
        <td>3:40:15 PM</td>
        <td>
          Entered purchase name as - DemoTaskPurchase
        </td>
      </tr>
      <tr class="event-row">
        <td><span class="badge log pass-bg">Pass</span></td>
        <td>3:40:17 PM</td>
        <td>
          Selected DemoBudgetAccount budget account for the purchase
        </td>
      </tr>
      <tr class="event-row">
        <td><span class="badge log pass-bg">Pass</span></td>
        <td>3:40:21 PM</td>
        <td>
          Selected purchase current status as - Order placed
        </td>
      </tr>
      <tr class="event-row">
        <td><span class="badge log pass-bg">Pass</span></td>
        <td>3:40:24 PM</td>
        <td>
          Entered purchase status date as - 23-09-2024
        </td>
      </tr>
      <tr class="event-row">
        <td><span class="badge log pass-bg">Pass</span></td>
        <td>3:40:24 PM</td>
        <td>
          Entered purchase projected amount as - 10.000,00
        </td>
      </tr>
      <tr class="event-row">
        <td><span class="badge log pass-bg">Pass</span></td>
        <td>3:40:27 PM</td>
        <td>
          Saved the purchase details
        </td>
      </tr>
      <tr class="event-row">
        <td><span class="badge log pass-bg">Pass</span></td>
        <td>3:40:27 PM</td>
        <td>
          Task purchase total budget - 50.000,00 and purchase available budget - 40.000,00
        </td>
      </tr>
      <tr class="event-row">
        <td><span class="badge log pass-bg">Pass</span></td>
        <td>3:40:27 PM</td>
        <td>
          Actual amount is reflected as - 0,00
        </td>
      </tr>
      <tr class="event-row">
        <td><span class="badge log pass-bg">Pass</span></td>
        <td>3:40:29 PM</td>
        <td>
          Switched to task purchase tab
        </td>
      </tr>
      <tr class="event-row">
        <td><span class="badge log fail-bg">Fail</span></td>
        <td>3:40:33 PM</td>
        <td>
          <span class='badge white-text red'>addTaskPurchase is failed</span>
        </td>
      </tr>
      <tr class="event-row">
        <td><span class="badge log fail-bg">Fail</span></td>
        <td>3:40:33 PM</td>
        <td>
          <span class='badge white-text red'>java.lang.AssertionError: expected [true] but found [false]</span>
        </td>
      </tr>
  </tbody>
</table>
</div>
          </div>
        </li>
        <li class="test-item"  status="fail" test-id="6"
          author=""
          tag=""
          device="">
          <div class="test-detail">
            <p class="name">addTaskProgress</p>
            <p class="text-sm">
              <span>3:40:33 PM</span> / <span>00:00:20:483</span>
              <span class="badge fail-bg log float-right">Fail</span>
            </p>
          </div>
          <div class="test-contents d-none">
<div class="detail-head">
<div class="p-v-10">
<div class="info">
<h5 class="test-status text-fail">addTaskProgress</h5>
<span class='badge badge-success'>09.23.2024 3:40:33 PM</span>
<span class='badge badge-danger'>09.23.2024 3:40:54 PM</span>
<span class='badge badge-default'>00:00:20:483</span>
&middot; <span class='uri-anchor badge badge-default'>#test-id=6</span>
<span title='Skip to the next failed step' class='badge badge-danger pointer float-right ne ml-1'><i class="fa fa-fast-forward"></i></span>
<span title='Collapse all nodes' class='badge badge-default pointer float-right ct ml-1'><i class="fa fa-compress"></i></span>
<span title='Expand all nodes' class='badge badge-default pointer float-right et'><i class="fa fa-expand"></i></span>
</div>
</div>
</div>    <div class="row mb-3"><div class="col-md-3">
    

<img data-featherlight='C:\UI-E2E-Testing/src/test/java/TestReport/FailTestsScreenCapture/addTaskProgress.png' src="C:\UI-E2E-Testing/src/test/java/TestReport/FailTestsScreenCapture/addTaskProgress.png">
  
    

    </div></div>
<div class="detail-body mt-4">
<table class="table table-sm">
  <thead><tr><th class="status-col">Status</th><th class="timestamp-col">Timestamp</th><th class="details-col">Details</th></tr></thead>
  <tbody>
      <tr class="event-row">
        <td><span class="badge log pass-bg">Pass</span></td>
        <td>3:40:36 PM</td>
        <td>
          Navigated to tasks tab
        </td>
      </tr>
      <tr class="event-row">
        <td><span class="badge log pass-bg">Pass</span></td>
        <td>3:40:40 PM</td>
        <td>
          Navigated to task - DemoTestTask
        </td>
      </tr>
      <tr class="event-row">
        <td><span class="badge log pass-bg">Pass</span></td>
        <td>3:40:42 PM</td>
        <td>
          Switched to task progress tab
        </td>
      </tr>
      <tr class="event-row">
        <td><span class="badge log pass-bg">Pass</span></td>
        <td>3:40:43 PM</td>
        <td>
          Clicked the add task progress report button
        </td>
      </tr>
      <tr class="event-row">
        <td><span class="badge log pass-bg">Pass</span></td>
        <td>3:40:45 PM</td>
        <td>
          Selected progress assessment as - Good
        </td>
      </tr>
      <tr class="event-row">
        <td><span class="badge log pass-bg">Pass</span></td>
        <td>3:40:46 PM</td>
        <td>
          Entered the task progress short description as - Testing progress report
        </td>
      </tr>
      <tr class="event-row">
        <td><span class="badge log pass-bg">Pass</span></td>
        <td>3:40:46 PM</td>
        <td>
          Entered the task progress complete percentage as - 40%
        </td>
      </tr>
      <tr class="event-row">
        <td><span class="badge log pass-bg">Pass</span></td>
        <td>3:40:46 PM</td>
        <td>
          Entered task progress report as - 23-09-2024
        </td>
      </tr>
      <tr class="event-row">
        <td><span class="badge log pass-bg">Pass</span></td>
        <td>3:40:48 PM</td>
        <td>
          Saved the task progress details
        </td>
      </tr>
      <tr class="event-row">
        <td><span class="badge log pass-bg">Pass</span></td>
        <td>3:40:48 PM</td>
        <td>
          Testing progress report task progress is present in the list
        </td>
      </tr>
      <tr class="event-row">
        <td><span class="badge log pass-bg">Pass</span></td>
        <td>3:40:50 PM</td>
        <td>
          Navigated to tasks tab
        </td>
      </tr>
      <tr class="event-row">
        <td><span class="badge log pass-bg">Pass</span></td>
        <td>3:40:50 PM</td>
        <td>
          Entered the DemoTestTask task name in the task name filter
        </td>
      </tr>
      <tr class="event-row">
        <td><span class="badge log pass-bg">Pass</span></td>
        <td>3:40:51 PM</td>
        <td>
          Clicked the filter apply button
        </td>
      </tr>
      <tr class="event-row">
        <td><span class="badge log fail-bg">Fail</span></td>
        <td>3:40:53 PM</td>
        <td>
          <span class='badge white-text red'>addTaskProgress is failed</span>
        </td>
      </tr>
      <tr class="event-row">
        <td><span class="badge log fail-bg">Fail</span></td>
        <td>3:40:53 PM</td>
        <td>
          <span class='badge white-text red'>java.lang.AssertionError: expected [true] but found [false]</span>
        </td>
      </tr>
  </tbody>
</table>
</div>
          </div>
        </li>
        <li class="test-item"  status="fail" test-id="7"
          author=""
          tag=""
          device="">
          <div class="test-detail">
            <p class="name">addRevenue</p>
            <p class="text-sm">
              <span>3:40:54 PM</span> / <span>00:00:34:145</span>
              <span class="badge fail-bg log float-right">Fail</span>
            </p>
          </div>
          <div class="test-contents d-none">
<div class="detail-head">
<div class="p-v-10">
<div class="info">
<h5 class="test-status text-fail">addRevenue</h5>
<span class='badge badge-success'>09.23.2024 3:40:54 PM</span>
<span class='badge badge-danger'>09.23.2024 3:41:28 PM</span>
<span class='badge badge-default'>00:00:34:145</span>
&middot; <span class='uri-anchor badge badge-default'>#test-id=7</span>
<span title='Skip to the next failed step' class='badge badge-danger pointer float-right ne ml-1'><i class="fa fa-fast-forward"></i></span>
<span title='Collapse all nodes' class='badge badge-default pointer float-right ct ml-1'><i class="fa fa-compress"></i></span>
<span title='Expand all nodes' class='badge badge-default pointer float-right et'><i class="fa fa-expand"></i></span>
</div>
</div>
</div>    <div class="row mb-3"><div class="col-md-3">
    

<img data-featherlight='C:\UI-E2E-Testing/src/test/java/TestReport/FailTestsScreenCapture/addRevenue.png' src="C:\UI-E2E-Testing/src/test/java/TestReport/FailTestsScreenCapture/addRevenue.png">
  
    

    </div></div>
<div class="detail-body mt-4">
<table class="table table-sm">
  <thead><tr><th class="status-col">Status</th><th class="timestamp-col">Timestamp</th><th class="details-col">Details</th></tr></thead>
  <tbody>
      <tr class="event-row">
        <td><span class="badge log pass-bg">Pass</span></td>
        <td>3:40:56 PM</td>
        <td>
          Navigated to revenue tab
        </td>
      </tr>
      <tr class="event-row">
        <td><span class="badge log pass-bg">Pass</span></td>
        <td>3:40:59 PM</td>
        <td>
          Selected the add new revenue option
        </td>
      </tr>
      <tr class="event-row">
        <td><span class="badge log pass-bg">Pass</span></td>
        <td>3:40:59 PM</td>
        <td>
          Entered revenue name as - DemoTestRevenue
        </td>
      </tr>
      <tr class="event-row">
        <td><span class="badge log pass-bg">Pass</span></td>
        <td>3:41:04 PM</td>
        <td>
          Selected purchase current status as - Planned
        </td>
      </tr>
      <tr class="event-row">
        <td><span class="badge log pass-bg">Pass</span></td>
        <td>3:41:04 PM</td>
        <td>
          Entered revenue projected amount as - 50.000,00
        </td>
      </tr>
      <tr class="event-row">
        <td><span class="badge log pass-bg">Pass</span></td>
        <td>3:41:07 PM</td>
        <td>
          Success validation message side popup appeared and closed the popup
        </td>
      </tr>
      <tr class="event-row">
        <td><span class="badge log fail-bg">Fail</span></td>
        <td>3:41:28 PM</td>
        <td>
          <span class='badge white-text red'>addRevenue is failed</span>
        </td>
      </tr>
      <tr class="event-row">
        <td><span class="badge log fail-bg">Fail</span></td>
        <td>3:41:28 PM</td>
        <td>
          <span class='badge white-text red'>org.openqa.selenium.TimeoutException: Expected condition failed: waiting for visibility of element located by By.xpath: (//div[@id='projectrevenues']//following::table)[1]/tbody (tried for 20 second(s) with 500 milliseconds interval)
Build info: version: '4.22.0', revision: 'c5f3146703*'
System info: os.name: 'Windows 10', os.arch: 'amd64', os.version: '10.0', java.version: '17.0.7'
Driver info: org.openqa.selenium.chrome.ChromeDriver
Capabilities {acceptInsecureCerts: false, browserName: chrome, browserVersion: 128.0.6613.139, chrome: {chromedriverVersion: 128.0.6613.137 (fe621c5aa2d..., userDataDir: C:\Users\Admin\AppData\Loca...}, fedcm:accounts: true, goog:chromeOptions: {debuggerAddress: localhost:59087}, networkConnectionEnabled: false, pageLoadStrategy: normal, platformName: windows, proxy: Proxy(), se:cdp: ws://localhost:59087/devtoo..., se:cdpVersion: 128.0.6613.139, setWindowRect: true, strictFileInteractability: false, timeouts: {implicit: 0, pageLoad: 300000, script: 30000}, unhandledPromptBehavior: dismiss and notify, webauthn:extension:credBlob: true, webauthn:extension:largeBlob: true, webauthn:extension:minPinLength: true, webauthn:extension:prf: true, webauthn:virtualAuthenticators: true}
Session ID: d1e719b76dac1c1f27e9ab2e7c7dc0f0</span>
        </td>
      </tr>
  </tbody>
</table>
</div>
          </div>
        </li>
        <li class="test-item"  status="fail" test-id="8"
          author=""
          tag=""
          device="">
          <div class="test-detail">
            <p class="name">deletePurchaseAndBudgetAccountAdded</p>
            <p class="text-sm">
              <span>3:41:36 PM</span> / <span>00:00:22:487</span>
              <span class="badge fail-bg log float-right">Fail</span>
            </p>
          </div>
          <div class="test-contents d-none">
<div class="detail-head">
<div class="p-v-10">
<div class="info">
<h5 class="test-status text-fail">deletePurchaseAndBudgetAccountAdded</h5>
<span class='badge badge-success'>09.23.2024 3:41:36 PM</span>
<span class='badge badge-danger'>09.23.2024 3:41:58 PM</span>
<span class='badge badge-default'>00:00:22:487</span>
&middot; <span class='uri-anchor badge badge-default'>#test-id=8</span>
<span title='Skip to the next failed step' class='badge badge-danger pointer float-right ne ml-1'><i class="fa fa-fast-forward"></i></span>
<span title='Collapse all nodes' class='badge badge-default pointer float-right ct ml-1'><i class="fa fa-compress"></i></span>
<span title='Expand all nodes' class='badge badge-default pointer float-right et'><i class="fa fa-expand"></i></span>
</div>
</div>
</div>    <div class="row mb-3"><div class="col-md-3">
    

<img data-featherlight='C:\UI-E2E-Testing/src/test/java/TestReport/FailTestsScreenCapture/deletePurchaseAndBudgetAccountAdded.png' src="C:\UI-E2E-Testing/src/test/java/TestReport/FailTestsScreenCapture/deletePurchaseAndBudgetAccountAdded.png">
  
    

    </div></div>
<div class="detail-body mt-4">
<table class="table table-sm">
  <thead><tr><th class="status-col">Status</th><th class="timestamp-col">Timestamp</th><th class="details-col">Details</th></tr></thead>
  <tbody>
      <tr class="event-row">
        <td><span class="badge log pass-bg">Pass</span></td>
        <td>3:41:36 PM</td>
        <td>
          Navigated to projects module from the side menu
        </td>
      </tr>
      <tr class="event-row">
        <td><span class="badge log pass-bg">Pass</span></td>
        <td>3:41:39 PM</td>
        <td>
          Entered DemoWaterfallProject15_37_46 project name in the project name filter
        </td>
      </tr>
      <tr class="event-row">
        <td><span class="badge log pass-bg">Pass</span></td>
        <td>3:41:39 PM</td>
        <td>
          Checked the active projects filter checkbox
        </td>
      </tr>
      <tr class="event-row">
        <td><span class="badge log pass-bg">Pass</span></td>
        <td>3:41:40 PM</td>
        <td>
          Clicked the filter apply button
        </td>
      </tr>
      <tr class="event-row">
        <td><span class="badge log pass-bg">Pass</span></td>
        <td>3:41:41 PM</td>
        <td>
          DemoWaterfallProject15_37_46 is present in the project list
        </td>
      </tr>
      <tr class="event-row">
        <td><span class="badge log pass-bg">Pass</span></td>
        <td>3:41:48 PM</td>
        <td>
          Navigated to DemoWaterfallProject15_37_46 project
        </td>
      </tr>
      <tr class="event-row">
        <td><span class="badge log pass-bg">Pass</span></td>
        <td>3:41:50 PM</td>
        <td>
          Navigated to project purchases tab
        </td>
      </tr>
      <tr class="event-row">
        <td><span class="badge log pass-bg">Pass</span></td>
        <td>3:41:54 PM</td>
        <td>
          DemoTestPurchase purchase is present in the purchases list
        </td>
      </tr>
      <tr class="event-row">
        <td><span class="badge log pass-bg">Pass</span></td>
        <td>3:41:55 PM</td>
        <td>
          Clicked the delete icon for DemoTestPurchase purchase
        </td>
      </tr>
      <tr class="event-row">
        <td><span class="badge log pass-bg">Pass</span></td>
        <td>3:41:55 PM</td>
        <td>
          Accepted the alert
        </td>
      </tr>
      <tr class="event-row">
        <td><span class="badge log fail-bg">Fail</span></td>
        <td>3:41:58 PM</td>
        <td>
          <span class='badge white-text red'>deletePurchaseAndBudgetAccountAdded is failed</span>
        </td>
      </tr>
      <tr class="event-row">
        <td><span class="badge log fail-bg">Fail</span></td>
        <td>3:41:58 PM</td>
        <td>
          <span class='badge white-text red'>java.lang.AssertionError: expected [true] but found [false]</span>
        </td>
      </tr>
  </tbody>
</table>
</div>
          </div>
        </li>
        <li class="test-item"  status="fail" test-id="9"
          author=""
          tag=""
          device="">
          <div class="test-detail">
            <p class="name">deleteTasksAdded</p>
            <p class="text-sm">
              <span>3:41:58 PM</span> / <span>00:00:29:699</span>
              <span class="badge fail-bg log float-right">Fail</span>
            </p>
          </div>
          <div class="test-contents d-none">
<div class="detail-head">
<div class="p-v-10">
<div class="info">
<h5 class="test-status text-fail">deleteTasksAdded</h5>
<span class='badge badge-success'>09.23.2024 3:41:58 PM</span>
<span class='badge badge-danger'>09.23.2024 3:42:28 PM</span>
<span class='badge badge-default'>00:00:29:699</span>
&middot; <span class='uri-anchor badge badge-default'>#test-id=9</span>
<span title='Skip to the next failed step' class='badge badge-danger pointer float-right ne ml-1'><i class="fa fa-fast-forward"></i></span>
<span title='Collapse all nodes' class='badge badge-default pointer float-right ct ml-1'><i class="fa fa-compress"></i></span>
<span title='Expand all nodes' class='badge badge-default pointer float-right et'><i class="fa fa-expand"></i></span>
</div>
</div>
</div>    <div class="row mb-3"><div class="col-md-3">
    

<img data-featherlight='C:\UI-E2E-Testing/src/test/java/TestReport/FailTestsScreenCapture/deleteTasksAdded.png' src="C:\UI-E2E-Testing/src/test/java/TestReport/FailTestsScreenCapture/deleteTasksAdded.png">
  
    

    </div></div>
<div class="detail-body mt-4">
<table class="table table-sm">
  <thead><tr><th class="status-col">Status</th><th class="timestamp-col">Timestamp</th><th class="details-col">Details</th></tr></thead>
  <tbody>
      <tr class="event-row">
        <td><span class="badge log pass-bg">Pass</span></td>
        <td>3:42:02 PM</td>
        <td>
          Navigated to tasks tab
        </td>
      </tr>
      <tr class="event-row">
        <td><span class="badge log pass-bg">Pass</span></td>
        <td>3:42:02 PM</td>
        <td>
          Entered the DemoTestTask task name in the task name filter
        </td>
      </tr>
      <tr class="event-row">
        <td><span class="badge log pass-bg">Pass</span></td>
        <td>3:42:03 PM</td>
        <td>
          Clicked the filter apply button
        </td>
      </tr>
      <tr class="event-row">
        <td><span class="badge log pass-bg">Pass</span></td>
        <td>3:42:05 PM</td>
        <td>
          DemoTestTask is present in the tasks list
        </td>
      </tr>
      <tr class="event-row">
        <td><span class="badge log fail-bg">Fail</span></td>
        <td>3:42:28 PM</td>
        <td>
          <span class='badge white-text red'>deleteTasksAdded is failed</span>
        </td>
      </tr>
      <tr class="event-row">
        <td><span class="badge log fail-bg">Fail</span></td>
        <td>3:42:28 PM</td>
        <td>
          <span class='badge white-text red'>org.openqa.selenium.TimeoutException: Expected condition failed: waiting for alert to be present (tried for 20 second(s) with 500 milliseconds interval)
Build info: version: '4.22.0', revision: 'c5f3146703*'
System info: os.name: 'Windows 10', os.arch: 'amd64', os.version: '10.0', java.version: '17.0.7'
Driver info: org.openqa.selenium.chrome.ChromeDriver
Capabilities {acceptInsecureCerts: false, browserName: chrome, browserVersion: 128.0.6613.139, chrome: {chromedriverVersion: 128.0.6613.137 (fe621c5aa2d..., userDataDir: C:\Users\Admin\AppData\Loca...}, fedcm:accounts: true, goog:chromeOptions: {debuggerAddress: localhost:59320}, networkConnectionEnabled: false, pageLoadStrategy: normal, platformName: windows, proxy: Proxy(), se:cdp: ws://localhost:59320/devtoo..., se:cdpVersion: 128.0.6613.139, setWindowRect: true, strictFileInteractability: false, timeouts: {implicit: 0, pageLoad: 300000, script: 30000}, unhandledPromptBehavior: dismiss and notify, webauthn:extension:credBlob: true, webauthn:extension:largeBlob: true, webauthn:extension:minPinLength: true, webauthn:extension:prf: true, webauthn:virtualAuthenticators: true}
Session ID: 0b98e87480cf8b9cf89dfd5f81c4b92c</span>
        </td>
      </tr>
  </tbody>
</table>
</div>
          </div>
        </li>
        <li class="test-item"  status="fail" test-id="10"
          author=""
          tag=""
          device="">
          <div class="test-detail">
            <p class="name">deleteSprintAdded</p>
            <p class="text-sm">
              <span>3:42:28 PM</span> / <span>00:00:24:547</span>
              <span class="badge fail-bg log float-right">Fail</span>
            </p>
          </div>
          <div class="test-contents d-none">
<div class="detail-head">
<div class="p-v-10">
<div class="info">
<h5 class="test-status text-fail">deleteSprintAdded</h5>
<span class='badge badge-success'>09.23.2024 3:42:28 PM</span>
<span class='badge badge-danger'>09.23.2024 3:42:52 PM</span>
<span class='badge badge-default'>00:00:24:547</span>
&middot; <span class='uri-anchor badge badge-default'>#test-id=10</span>
<span title='Skip to the next failed step' class='badge badge-danger pointer float-right ne ml-1'><i class="fa fa-fast-forward"></i></span>
<span title='Collapse all nodes' class='badge badge-default pointer float-right ct ml-1'><i class="fa fa-compress"></i></span>
<span title='Expand all nodes' class='badge badge-default pointer float-right et'><i class="fa fa-expand"></i></span>
</div>
</div>
</div>    <div class="row mb-3"><div class="col-md-3">
    

<img data-featherlight='C:\UI-E2E-Testing/src/test/java/TestReport/FailTestsScreenCapture/deleteSprintAdded.png' src="C:\UI-E2E-Testing/src/test/java/TestReport/FailTestsScreenCapture/deleteSprintAdded.png">
  
    

    </div></div>
<div class="detail-body mt-4">
<table class="table table-sm">
  <thead><tr><th class="status-col">Status</th><th class="timestamp-col">Timestamp</th><th class="details-col">Details</th></tr></thead>
  <tbody>
      <tr class="event-row">
        <td><span class="badge log pass-bg">Pass</span></td>
        <td>3:42:30 PM</td>
        <td>
          Navigated to sprints tab
        </td>
      </tr>
      <tr class="event-row">
        <td><span class="badge log pass-bg">Pass</span></td>
        <td>3:42:30 PM</td>
        <td>
          DemoTestSprint sprint is present in the list
        </td>
      </tr>
      <tr class="event-row">
        <td><span class="badge log fail-bg">Fail</span></td>
        <td>3:42:52 PM</td>
        <td>
          <span class='badge white-text red'>deleteSprintAdded is failed</span>
        </td>
      </tr>
      <tr class="event-row">
        <td><span class="badge log fail-bg">Fail</span></td>
        <td>3:42:52 PM</td>
        <td>
          <span class='badge white-text red'>org.openqa.selenium.TimeoutException: Expected condition failed: waiting for alert to be present (tried for 20 second(s) with 500 milliseconds interval)
Build info: version: '4.22.0', revision: 'c5f3146703*'
System info: os.name: 'Windows 10', os.arch: 'amd64', os.version: '10.0', java.version: '17.0.7'
Driver info: org.openqa.selenium.chrome.ChromeDriver
Capabilities {acceptInsecureCerts: false, browserName: chrome, browserVersion: 128.0.6613.139, chrome: {chromedriverVersion: 128.0.6613.137 (fe621c5aa2d..., userDataDir: C:\Users\Admin\AppData\Loca...}, fedcm:accounts: true, goog:chromeOptions: {debuggerAddress: localhost:59320}, networkConnectionEnabled: false, pageLoadStrategy: normal, platformName: windows, proxy: Proxy(), se:cdp: ws://localhost:59320/devtoo..., se:cdpVersion: 128.0.6613.139, setWindowRect: true, strictFileInteractability: false, timeouts: {implicit: 0, pageLoad: 300000, script: 30000}, unhandledPromptBehavior: dismiss and notify, webauthn:extension:credBlob: true, webauthn:extension:largeBlob: true, webauthn:extension:minPinLength: true, webauthn:extension:prf: true, webauthn:virtualAuthenticators: true}
Session ID: 0b98e87480cf8b9cf89dfd5f81c4b92c</span>
        </td>
      </tr>
  </tbody>
</table>
</div>
          </div>
        </li>
        <li class="test-item"  status="fail" test-id="11"
          author=""
          tag=""
          device="">
          <div class="test-detail">
            <p class="name">deleteProjectRevenueAdded</p>
            <p class="text-sm">
              <span>3:42:52 PM</span> / <span>00:00:06:608</span>
              <span class="badge fail-bg log float-right">Fail</span>
            </p>
          </div>
          <div class="test-contents d-none">
<div class="detail-head">
<div class="p-v-10">
<div class="info">
<h5 class="test-status text-fail">deleteProjectRevenueAdded</h5>
<span class='badge badge-success'>09.23.2024 3:42:52 PM</span>
<span class='badge badge-danger'>09.23.2024 3:42:59 PM</span>
<span class='badge badge-default'>00:00:06:608</span>
&middot; <span class='uri-anchor badge badge-default'>#test-id=11</span>
<span title='Skip to the next failed step' class='badge badge-danger pointer float-right ne ml-1'><i class="fa fa-fast-forward"></i></span>
<span title='Collapse all nodes' class='badge badge-default pointer float-right ct ml-1'><i class="fa fa-compress"></i></span>
<span title='Expand all nodes' class='badge badge-default pointer float-right et'><i class="fa fa-expand"></i></span>
</div>
</div>
</div>    <div class="row mb-3"><div class="col-md-3">
    

<img data-featherlight='C:\UI-E2E-Testing/src/test/java/TestReport/FailTestsScreenCapture/deleteProjectRevenueAdded.png' src="C:\UI-E2E-Testing/src/test/java/TestReport/FailTestsScreenCapture/deleteProjectRevenueAdded.png">
  
    

    </div></div>
<div class="detail-body mt-4">
<table class="table table-sm">
  <thead><tr><th class="status-col">Status</th><th class="timestamp-col">Timestamp</th><th class="details-col">Details</th></tr></thead>
  <tbody>
      <tr class="event-row">
        <td><span class="badge log pass-bg">Pass</span></td>
        <td>3:42:54 PM</td>
        <td>
          Navigated to revenue tab
        </td>
      </tr>
      <tr class="event-row">
        <td><span class="badge log fail-bg">Fail</span></td>
        <td>3:42:59 PM</td>
        <td>
          <span class='badge white-text red'>deleteProjectRevenueAdded is failed</span>
        </td>
      </tr>
      <tr class="event-row">
        <td><span class="badge log fail-bg">Fail</span></td>
        <td>3:42:59 PM</td>
        <td>
          <span class='badge white-text red'>java.lang.AssertionError: expected [Cashed] but found [Planned]</span>
        </td>
      </tr>
  </tbody>
</table>
</div>
          </div>
        </li>
        <li class="test-item"  status="pass" test-id="12"
          author=""
          tag=""
          device="">
          <div class="test-detail">
            <p class="name">deleteWaterfallProjectAdded</p>
            <p class="text-sm">
              <span>3:42:59 PM</span> / <span>00:00:13:791</span>
              <span class="badge pass-bg log float-right">Pass</span>
            </p>
          </div>
          <div class="test-contents d-none">
<div class="detail-head">
<div class="p-v-10">
<div class="info">
<h5 class="test-status text-pass">deleteWaterfallProjectAdded</h5>
<span class='badge badge-success'>09.23.2024 3:42:59 PM</span>
<span class='badge badge-danger'>09.23.2024 3:43:13 PM</span>
<span class='badge badge-default'>00:00:13:791</span>
&middot; <span class='uri-anchor badge badge-default'>#test-id=12</span>
<span title='Skip to the next failed step' class='badge badge-danger pointer float-right ne ml-1'><i class="fa fa-fast-forward"></i></span>
<span title='Collapse all nodes' class='badge badge-default pointer float-right ct ml-1'><i class="fa fa-compress"></i></span>
<span title='Expand all nodes' class='badge badge-default pointer float-right et'><i class="fa fa-expand"></i></span>
</div>
</div>
</div><div class="detail-body mt-4">
<table class="table table-sm">
  <thead><tr><th class="status-col">Status</th><th class="timestamp-col">Timestamp</th><th class="details-col">Details</th></tr></thead>
  <tbody>
      <tr class="event-row">
        <td><span class="badge log pass-bg">Pass</span></td>
        <td>3:43:00 PM</td>
        <td>
          Navigated to projects module from the side menu
        </td>
      </tr>
      <tr class="event-row">
        <td><span class="badge log pass-bg">Pass</span></td>
        <td>3:43:03 PM</td>
        <td>
          Entered DemoWaterfallProject15_37_46 project name in the project name filter
        </td>
      </tr>
      <tr class="event-row">
        <td><span class="badge log pass-bg">Pass</span></td>
        <td>3:43:04 PM</td>
        <td>
          Checked the active projects filter checkbox
        </td>
      </tr>
      <tr class="event-row">
        <td><span class="badge log pass-bg">Pass</span></td>
        <td>3:43:05 PM</td>
        <td>
          Clicked the filter apply button
        </td>
      </tr>
      <tr class="event-row">
        <td><span class="badge log pass-bg">Pass</span></td>
        <td>3:43:05 PM</td>
        <td>
          DemoWaterfallProject15_37_46 is present in the project list
        </td>
      </tr>
      <tr class="event-row">
        <td><span class="badge log pass-bg">Pass</span></td>
        <td>3:43:06 PM</td>
        <td>
          Clicked the cross icon for DemoWaterfallProject15_37_46 project
        </td>
      </tr>
      <tr class="event-row">
        <td><span class="badge log pass-bg">Pass</span></td>
        <td>3:43:06 PM</td>
        <td>
          Accepted the alert
        </td>
      </tr>
      <tr class="event-row">
        <td><span class="badge log pass-bg">Pass</span></td>
        <td>3:43:09 PM</td>
        <td>
          No record found in the list
        </td>
      </tr>
      <tr class="event-row">
        <td><span class="badge log pass-bg">Pass</span></td>
        <td>3:43:09 PM</td>
        <td>
          Checked the inactive projects filter checkbox
        </td>
      </tr>
      <tr class="event-row">
        <td><span class="badge log pass-bg">Pass</span></td>
        <td>3:43:10 PM</td>
        <td>
          Clicked the filter apply button
        </td>
      </tr>
      <tr class="event-row">
        <td><span class="badge log pass-bg">Pass</span></td>
        <td>3:43:13 PM</td>
        <td>
          DemoWaterfallProject15_37_46 is present in the inactive projects list
        </td>
      </tr>
      <tr class="event-row">
        <td><span class="badge log pass-bg">Pass</span></td>
        <td>3:43:13 PM</td>
        <td>
          deleteWaterfallProjectAdded is passed
        </td>
      </tr>
  </tbody>
</table>
</div>
          </div>
        </li>
        <li class="test-item"  status="pass" test-id="13"
          author=""
          tag=""
          device="">
          <div class="test-detail">
            <p class="name">createAgileProjectAndDeleteCreatedProject</p>
            <p class="text-sm">
              <span>3:43:20 PM</span> / <span>00:00:29:189</span>
              <span class="badge pass-bg log float-right">Pass</span>
            </p>
          </div>
          <div class="test-contents d-none">
<div class="detail-head">
<div class="p-v-10">
<div class="info">
<h5 class="test-status text-pass">createAgileProjectAndDeleteCreatedProject</h5>
<span class='badge badge-success'>09.23.2024 3:43:20 PM</span>
<span class='badge badge-danger'>09.23.2024 3:43:49 PM</span>
<span class='badge badge-default'>00:00:29:189</span>
&middot; <span class='uri-anchor badge badge-default'>#test-id=13</span>
<span title='Skip to the next failed step' class='badge badge-danger pointer float-right ne ml-1'><i class="fa fa-fast-forward"></i></span>
<span title='Collapse all nodes' class='badge badge-default pointer float-right ct ml-1'><i class="fa fa-compress"></i></span>
<span title='Expand all nodes' class='badge badge-default pointer float-right et'><i class="fa fa-expand"></i></span>
</div>
</div>
</div><div class="detail-body mt-4">
<table class="table table-sm">
  <thead><tr><th class="status-col">Status</th><th class="timestamp-col">Timestamp</th><th class="details-col">Details</th></tr></thead>
  <tbody>
      <tr class="event-row">
        <td><span class="badge log pass-bg">Pass</span></td>
        <td>3:43:20 PM</td>
        <td>
          Clicked the create new project shortcut option from sidebar menu
        </td>
      </tr>
      <tr class="event-row">
        <td><span class="badge log pass-bg">Pass</span></td>
        <td>3:43:25 PM</td>
        <td>
          Selected the create new agile project option from the create new project shortcut option
        </td>
      </tr>
      <tr class="event-row">
        <td><span class="badge log pass-bg">Pass</span></td>
        <td>3:43:25 PM</td>
        <td>
          Project tabs are disabled before saving the project general details
        </td>
      </tr>
      <tr class="event-row">
        <td><span class="badge log pass-bg">Pass</span></td>
        <td>3:43:25 PM</td>
        <td>
          Defined project name as - DemoAgileProject15_37_46
        </td>
      </tr>
      <tr class="event-row">
        <td><span class="badge log pass-bg">Pass</span></td>
        <td>3:43:27 PM</td>
        <td>
          Selected project approval status as - Approved
        </td>
      </tr>
      <tr class="event-row">
        <td><span class="badge log pass-bg">Pass</span></td>
        <td>3:43:28 PM</td>
        <td>
          Selected project priority as - Low
        </td>
      </tr>
      <tr class="event-row">
        <td><span class="badge log pass-bg">Pass</span></td>
        <td>3:43:29 PM</td>
        <td>
          Selected project type as - Consulting
        </td>
      </tr>
      <tr class="event-row">
        <td><span class="badge log pass-bg">Pass</span></td>
        <td>3:43:35 PM</td>
        <td>
          Saved the project general details
        </td>
      </tr>
      <tr class="event-row">
        <td><span class="badge log pass-bg">Pass</span></td>
        <td>3:43:37 PM</td>
        <td>
          Navigated to projects module from the side menu
        </td>
      </tr>
      <tr class="event-row">
        <td><span class="badge log pass-bg">Pass</span></td>
        <td>3:43:39 PM</td>
        <td>
          Entered DemoAgileProject15_37_46 project name in the project name filter
        </td>
      </tr>
      <tr class="event-row">
        <td><span class="badge log pass-bg">Pass</span></td>
        <td>3:43:40 PM</td>
        <td>
          Checked the active projects filter checkbox
        </td>
      </tr>
      <tr class="event-row">
        <td><span class="badge log pass-bg">Pass</span></td>
        <td>3:43:41 PM</td>
        <td>
          Clicked the filter apply button
        </td>
      </tr>
      <tr class="event-row">
        <td><span class="badge log pass-bg">Pass</span></td>
        <td>3:43:41 PM</td>
        <td>
          DemoAgileProject15_37_46 is present in the project list
        </td>
      </tr>
      <tr class="event-row">
        <td><span class="badge log pass-bg">Pass</span></td>
        <td>3:43:42 PM</td>
        <td>
          Clicked the cross icon for DemoAgileProject15_37_46 project
        </td>
      </tr>
      <tr class="event-row">
        <td><span class="badge log pass-bg">Pass</span></td>
        <td>3:43:42 PM</td>
        <td>
          Accepted the alert
        </td>
      </tr>
      <tr class="event-row">
        <td><span class="badge log pass-bg">Pass</span></td>
        <td>3:43:46 PM</td>
        <td>
          No record found in the list
        </td>
      </tr>
      <tr class="event-row">
        <td><span class="badge log pass-bg">Pass</span></td>
        <td>3:43:46 PM</td>
        <td>
          Checked the inactive projects filter checkbox
        </td>
      </tr>
      <tr class="event-row">
        <td><span class="badge log pass-bg">Pass</span></td>
        <td>3:43:47 PM</td>
        <td>
          Clicked the filter apply button
        </td>
      </tr>
      <tr class="event-row">
        <td><span class="badge log pass-bg">Pass</span></td>
        <td>3:43:49 PM</td>
        <td>
          DemoAgileProject15_37_46 is present in the inactive projects list
        </td>
      </tr>
      <tr class="event-row">
        <td><span class="badge log pass-bg">Pass</span></td>
        <td>3:43:49 PM</td>
        <td>
          createAgileProjectAndDeleteCreatedProject is passed
        </td>
      </tr>
  </tbody>
</table>
</div>
          </div>
        </li>
        <li class="test-item"  status="fail" test-id="14"
          author=""
          tag=""
          device="">
          <div class="test-detail">
            <p class="name">estimateEffortHoursTest</p>
            <p class="text-sm">
              <span>3:43:56 PM</span> / <span>00:00:56:591</span>
              <span class="badge fail-bg log float-right">Fail</span>
            </p>
          </div>
          <div class="test-contents d-none">
<div class="detail-head">
<div class="p-v-10">
<div class="info">
<h5 class="test-status text-fail">estimateEffortHoursTest</h5>
<span class='badge badge-success'>09.23.2024 3:43:56 PM</span>
<span class='badge badge-danger'>09.23.2024 3:44:53 PM</span>
<span class='badge badge-default'>00:00:56:591</span>
&middot; <span class='uri-anchor badge badge-default'>#test-id=14</span>
<span title='Skip to the next failed step' class='badge badge-danger pointer float-right ne ml-1'><i class="fa fa-fast-forward"></i></span>
<span title='Collapse all nodes' class='badge badge-default pointer float-right ct ml-1'><i class="fa fa-compress"></i></span>
<span title='Expand all nodes' class='badge badge-default pointer float-right et'><i class="fa fa-expand"></i></span>
</div>
</div>
</div>    <div class="row mb-3"><div class="col-md-3">
    

<img data-featherlight='C:\UI-E2E-Testing/src/test/java/TestReport/FailTestsScreenCapture/estimateEffortHoursTest.png' src="C:\UI-E2E-Testing/src/test/java/TestReport/FailTestsScreenCapture/estimateEffortHoursTest.png">
  
    

    </div></div>
<div class="detail-body mt-4">
<table class="table table-sm">
  <thead><tr><th class="status-col">Status</th><th class="timestamp-col">Timestamp</th><th class="details-col">Details</th></tr></thead>
  <tbody>
      <tr class="event-row">
        <td><span class="badge log pass-bg">Pass</span></td>
        <td>3:43:58 PM</td>
        <td>
          Navigated to categories and rates module from the side menu
        </td>
      </tr>
      <tr class="event-row">
        <td><span class="badge log pass-bg">Pass</span></td>
        <td>3:44:00 PM</td>
        <td>
          Clicked the add new category button
        </td>
      </tr>
      <tr class="event-row">
        <td><span class="badge log pass-bg">Pass</span></td>
        <td>3:44:00 PM</td>
        <td>
          Entered the category name as - TestEstimatedEffortCategory15_37_46
        </td>
      </tr>
      <tr class="event-row">
        <td><span class="badge log pass-bg">Pass</span></td>
        <td>3:44:00 PM</td>
        <td>
          Saved the category details
        </td>
      </tr>
      <tr class="event-row">
        <td><span class="badge log pass-bg">Pass</span></td>
        <td>3:44:04 PM</td>
        <td>
          Success validation message side popup appeared and closed the popup
        </td>
      </tr>
      <tr class="event-row">
        <td><span class="badge log pass-bg">Pass</span></td>
        <td>3:44:06 PM</td>
        <td>
          TestEstimatedEffortCategory15_37_46 category found in the category table
        </td>
      </tr>
      <tr class="event-row">
        <td><span class="badge log pass-bg">Pass</span></td>
        <td>3:44:11 PM</td>
        <td>
          Clicked the add new category button
        </td>
      </tr>
      <tr class="event-row">
        <td><span class="badge log pass-bg">Pass</span></td>
        <td>3:44:11 PM</td>
        <td>
          Entered the category name as - DemoCategory15_37_46
        </td>
      </tr>
      <tr class="event-row">
        <td><span class="badge log pass-bg">Pass</span></td>
        <td>3:44:11 PM</td>
        <td>
          Saved the category details
        </td>
      </tr>
      <tr class="event-row">
        <td><span class="badge log pass-bg">Pass</span></td>
        <td>3:44:16 PM</td>
        <td>
          Success validation message side popup appeared and closed the popup
        </td>
      </tr>
      <tr class="event-row">
        <td><span class="badge log pass-bg">Pass</span></td>
        <td>3:44:17 PM</td>
        <td>
          DemoCategory15_37_46 category found in the category table
        </td>
      </tr>
      <tr class="event-row">
        <td><span class="badge log pass-bg">Pass</span></td>
        <td>3:44:26 PM</td>
        <td>
          Selected the create new user option from the side menu
        </td>
      </tr>
      <tr class="event-row">
        <td><span class="badge log pass-bg">Pass</span></td>
        <td>3:44:27 PM</td>
        <td>
          Entered user email as testUser15_37_46@gmail.com
        </td>
      </tr>
      <tr class="event-row">
        <td><span class="badge log pass-bg">Pass</span></td>
        <td>3:44:27 PM</td>
        <td>
          Enter user personnel number as - 9999999999
        </td>
      </tr>
      <tr class="event-row">
        <td><span class="badge log pass-bg">Pass</span></td>
        <td>3:44:28 PM</td>
        <td>
          Entered user first name as - Demo
        </td>
      </tr>
      <tr class="event-row">
        <td><span class="badge log pass-bg">Pass</span></td>
        <td>3:44:30 PM</td>
        <td>
          Entered user last name as - Qa
        </td>
      </tr>
      <tr class="event-row">
        <td><span class="badge log pass-bg">Pass</span></td>
        <td>3:44:31 PM</td>
        <td>
          Entered user password as - sTQa07
        </td>
      </tr>
      <tr class="event-row">
        <td><span class="badge log pass-bg">Pass</span></td>
        <td>3:44:32 PM</td>
        <td>
          Mastermind user role is assigned to user
        </td>
      </tr>
      <tr class="event-row">
        <td><span class="badge log pass-bg">Pass</span></td>
        <td>3:44:32 PM</td>
        <td>
          Mastermindselected
        </td>
      </tr>
      <tr class="event-row">
        <td><span class="badge log fail-bg">Fail</span></td>
        <td>3:44:53 PM</td>
        <td>
          <span class='badge white-text red'>estimateEffortHoursTest is failed</span>
        </td>
      </tr>
      <tr class="event-row">
        <td><span class="badge log fail-bg">Fail</span></td>
        <td>3:44:53 PM</td>
        <td>
          <span class='badge white-text red'>org.openqa.selenium.TimeoutException: Expected condition failed: waiting for visibility of element located by By.xpath: //div[contains(@class,'success-msg') and contains(@style,'display: block')] (tried for 20 second(s) with 500 milliseconds interval)
Build info: version: '4.22.0', revision: 'c5f3146703*'
System info: os.name: 'Windows 10', os.arch: 'amd64', os.version: '10.0', java.version: '17.0.7'
Driver info: org.openqa.selenium.chrome.ChromeDriver
Capabilities {acceptInsecureCerts: false, browserName: chrome, browserVersion: 128.0.6613.139, chrome: {chromedriverVersion: 128.0.6613.137 (fe621c5aa2d..., userDataDir: C:\Users\Admin\AppData\Loca...}, fedcm:accounts: true, goog:chromeOptions: {debuggerAddress: localhost:59517}, networkConnectionEnabled: false, pageLoadStrategy: normal, platformName: windows, proxy: Proxy(), se:cdp: ws://localhost:59517/devtoo..., se:cdpVersion: 128.0.6613.139, setWindowRect: true, strictFileInteractability: false, timeouts: {implicit: 0, pageLoad: 300000, script: 30000}, unhandledPromptBehavior: dismiss and notify, webauthn:extension:credBlob: true, webauthn:extension:largeBlob: true, webauthn:extension:minPinLength: true, webauthn:extension:prf: true, webauthn:virtualAuthenticators: true}
Session ID: 93c79a85113ba4c93ae53ca9e1729b69</span>
        </td>
      </tr>
  </tbody>
</table>
</div>
          </div>
        </li>
        <li class="test-item"  status="fail" test-id="15"
          author=""
          tag=""
          device="">
          <div class="test-detail">
            <p class="name">hourlyRevenueTest</p>
            <p class="text-sm">
              <span>3:45:21 PM</span> / <span>00:00:58:196</span>
              <span class="badge fail-bg log float-right">Fail</span>
            </p>
          </div>
          <div class="test-contents d-none">
<div class="detail-head">
<div class="p-v-10">
<div class="info">
<h5 class="test-status text-fail">hourlyRevenueTest</h5>
<span class='badge badge-success'>09.23.2024 3:45:21 PM</span>
<span class='badge badge-danger'>09.23.2024 3:46:19 PM</span>
<span class='badge badge-default'>00:00:58:196</span>
&middot; <span class='uri-anchor badge badge-default'>#test-id=15</span>
<span title='Skip to the next failed step' class='badge badge-danger pointer float-right ne ml-1'><i class="fa fa-fast-forward"></i></span>
<span title='Collapse all nodes' class='badge badge-default pointer float-right ct ml-1'><i class="fa fa-compress"></i></span>
<span title='Expand all nodes' class='badge badge-default pointer float-right et'><i class="fa fa-expand"></i></span>
</div>
</div>
</div>    <div class="row mb-3"><div class="col-md-3">
    

<img data-featherlight='C:\UI-E2E-Testing/src/test/java/TestReport/FailTestsScreenCapture/hourlyRevenueTest.png' src="C:\UI-E2E-Testing/src/test/java/TestReport/FailTestsScreenCapture/hourlyRevenueTest.png">
  
    

    </div></div>
<div class="detail-body mt-4">
<table class="table table-sm">
  <thead><tr><th class="status-col">Status</th><th class="timestamp-col">Timestamp</th><th class="details-col">Details</th></tr></thead>
  <tbody>
      <tr class="event-row">
        <td><span class="badge log pass-bg">Pass</span></td>
        <td>3:45:23 PM</td>
        <td>
          Navigated to project parameters module from the side menu
        </td>
      </tr>
      <tr class="event-row">
        <td><span class="badge log pass-bg">Pass</span></td>
        <td>3:45:25 PM</td>
        <td>
          Switched to project status tab
        </td>
      </tr>
      <tr class="event-row">
        <td><span class="badge log pass-bg">Pass</span></td>
        <td>3:45:27 PM</td>
        <td>
          Clicked the add new status button
        </td>
      </tr>
      <tr class="event-row">
        <td><span class="badge log pass-bg">Pass</span></td>
        <td>3:45:27 PM</td>
        <td>
          Entered project status name as - TestHourlyRevenueProjectStatus15_37_46
        </td>
      </tr>
      <tr class="event-row">
        <td><span class="badge log pass-bg">Pass</span></td>
        <td>3:45:27 PM</td>
        <td>
          Checked the enable time reporting checkbox for project status
        </td>
      </tr>
      <tr class="event-row">
        <td><span class="badge log pass-bg">Pass</span></td>
        <td>3:45:32 PM</td>
        <td>
          Success validation message side popup appeared and closed the popup
        </td>
      </tr>
      <tr class="event-row">
        <td><span class="badge log pass-bg">Pass</span></td>
        <td>3:45:32 PM</td>
        <td>
          Saved the project status details
        </td>
      </tr>
      <tr class="event-row">
        <td><span class="badge log pass-bg">Pass</span></td>
        <td>3:45:35 PM</td>
        <td>
          TestHourlyRevenueProjectStatus15_37_46 project status is present in the project status list
        </td>
      </tr>
      <tr class="event-row">
        <td><span class="badge log pass-bg">Pass</span></td>
        <td>3:45:39 PM</td>
        <td>
          Navigated to TestHourlyRevenueProjectStatus15_37_46 project status detail page
        </td>
      </tr>
      <tr class="event-row">
        <td><span class="badge log pass-bg">Pass</span></td>
        <td>3:45:40 PM</td>
        <td>
          Selected Closed project status as destination status
        </td>
      </tr>
      <tr class="event-row">
        <td><span class="badge log pass-bg">Pass</span></td>
        <td>3:45:46 PM</td>
        <td>
          Success validation message side popup appeared and closed the popup
        </td>
      </tr>
      <tr class="event-row">
        <td><span class="badge log pass-bg">Pass</span></td>
        <td>3:45:46 PM</td>
        <td>
          Saved the project status details
        </td>
      </tr>
      <tr class="event-row">
        <td><span class="badge log pass-bg">Pass</span></td>
        <td>3:45:46 PM</td>
        <td>
          TestHourlyRevenueProjectStatus15_37_46 project status has Closeddestination status added
        </td>
      </tr>
      <tr class="event-row">
        <td><span class="badge log pass-bg">Pass</span></td>
        <td>3:45:48 PM</td>
        <td>
          Navigated to Initial project status detail page
        </td>
      </tr>
      <tr class="event-row">
        <td><span class="badge log pass-bg">Pass</span></td>
        <td>3:45:50 PM</td>
        <td>
          Selected TestHourlyRevenueProjectStatus15_37_46 project status as destination status
        </td>
      </tr>
      <tr class="event-row">
        <td><span class="badge log pass-bg">Pass</span></td>
        <td>3:45:55 PM</td>
        <td>
          Success validation message side popup appeared and closed the popup
        </td>
      </tr>
      <tr class="event-row">
        <td><span class="badge log pass-bg">Pass</span></td>
        <td>3:45:55 PM</td>
        <td>
          Saved the project status details
        </td>
      </tr>
      <tr class="event-row">
        <td><span class="badge log pass-bg">Pass</span></td>
        <td>3:45:55 PM</td>
        <td>
          Initial project status has TestHourlyRevenueProjectStatus15_37_46destination status added
        </td>
      </tr>
      <tr class="event-row">
        <td><span class="badge log pass-bg">Pass</span></td>
        <td>3:45:56 PM</td>
        <td>
          Switched to project type tab
        </td>
      </tr>
      <tr class="event-row">
        <td><span class="badge log pass-bg">Pass</span></td>
        <td>3:45:56 PM</td>
        <td>
          Clicked the add new project type button
        </td>
      </tr>
      <tr class="event-row">
        <td><span class="badge log pass-bg">Pass</span></td>
        <td>3:45:57 PM</td>
        <td>
          Entered the project type name as - TestHourlyRevenueProjectType15_37_46
        </td>
      </tr>
      <tr class="event-row">
        <td><span class="badge log pass-bg">Pass</span></td>
        <td>3:45:57 PM</td>
        <td>
          Entered the project type description as - Test project type description
        </td>
      </tr>
      <tr class="event-row">
        <td><span class="badge log pass-bg">Pass</span></td>
        <td>3:45:58 PM</td>
        <td>
          Checked the enable revenue checkbox for project type
        </td>
      </tr>
      <tr class="event-row">
        <td><span class="badge log fail-bg">Fail</span></td>
        <td>3:46:19 PM</td>
        <td>
          <span class='badge white-text red'>hourlyRevenueTest is failed</span>
        </td>
      </tr>
      <tr class="event-row">
        <td><span class="badge log fail-bg">Fail</span></td>
        <td>3:46:19 PM</td>
        <td>
          <span class='badge white-text red'>org.openqa.selenium.TimeoutException: Expected condition failed: waiting for element to be clickable: By.xpath: //input[contains(@id,'chkNonBilling')] (tried for 20 second(s) with 500 milliseconds interval)
Build info: version: '4.22.0', revision: 'c5f3146703*'
System info: os.name: 'Windows 10', os.arch: 'amd64', os.version: '10.0', java.version: '17.0.7'
Driver info: org.openqa.selenium.chrome.ChromeDriver
Capabilities {acceptInsecureCerts: false, browserName: chrome, browserVersion: 128.0.6613.139, chrome: {chromedriverVersion: 128.0.6613.137 (fe621c5aa2d..., userDataDir: C:\Users\Admin\AppData\Loca...}, fedcm:accounts: true, goog:chromeOptions: {debuggerAddress: localhost:59626}, networkConnectionEnabled: false, pageLoadStrategy: normal, platformName: windows, proxy: Proxy(), se:cdp: ws://localhost:59626/devtoo..., se:cdpVersion: 128.0.6613.139, setWindowRect: true, strictFileInteractability: false, timeouts: {implicit: 0, pageLoad: 300000, script: 30000}, unhandledPromptBehavior: dismiss and notify, webauthn:extension:credBlob: true, webauthn:extension:largeBlob: true, webauthn:extension:minPinLength: true, webauthn:extension:prf: true, webauthn:virtualAuthenticators: true}
Session ID: 74ac047148f77ca728744de75c7215f2</span>
        </td>
      </tr>
  </tbody>
</table>
</div>
          </div>
        </li>
        <li class="test-item"  status="fail" test-id="16"
          author=""
          tag=""
          device="">
          <div class="test-detail">
            <p class="name">overallTesting</p>
            <p class="text-sm">
              <span>3:46:26 PM</span> / <span>00:00:26:477</span>
              <span class="badge fail-bg log float-right">Fail</span>
            </p>
          </div>
          <div class="test-contents d-none">
<div class="detail-head">
<div class="p-v-10">
<div class="info">
<h5 class="test-status text-fail">overallTesting</h5>
<span class='badge badge-success'>09.23.2024 3:46:26 PM</span>
<span class='badge badge-danger'>09.23.2024 3:46:53 PM</span>
<span class='badge badge-default'>00:00:26:477</span>
&middot; <span class='uri-anchor badge badge-default'>#test-id=16</span>
<span title='Skip to the next failed step' class='badge badge-danger pointer float-right ne ml-1'><i class="fa fa-fast-forward"></i></span>
<span title='Collapse all nodes' class='badge badge-default pointer float-right ct ml-1'><i class="fa fa-compress"></i></span>
<span title='Expand all nodes' class='badge badge-default pointer float-right et'><i class="fa fa-expand"></i></span>
</div>
</div>
</div>    <div class="row mb-3"><div class="col-md-3">
    

<img data-featherlight='C:\UI-E2E-Testing/src/test/java/TestReport/FailTestsScreenCapture/overallTesting.png' src="C:\UI-E2E-Testing/src/test/java/TestReport/FailTestsScreenCapture/overallTesting.png">
  
    

    </div></div>
<div class="detail-body mt-4">
<table class="table table-sm">
  <thead><tr><th class="status-col">Status</th><th class="timestamp-col">Timestamp</th><th class="details-col">Details</th></tr></thead>
  <tbody>
      <tr class="event-row">
        <td><span class="badge log pass-bg">Pass</span></td>
        <td>3:46:29 PM</td>
        <td>
          Navigated to calendars module from the side menu
        </td>
      </tr>
      <tr class="event-row">
        <td><span class="badge log pass-bg">Pass</span></td>
        <td>3:46:32 PM</td>
        <td>
          Clicked the add new calender button
        </td>
      </tr>
      <tr class="event-row">
        <td><span class="badge log pass-bg">Pass</span></td>
        <td>3:46:32 PM</td>
        <td>
          Entered the calender name as - OverallTestCalendar15_37_46
        </td>
      </tr>
      <tr class="event-row">
        <td><span class="badge log pass-bg">Pass</span></td>
        <td>3:46:33 PM</td>
        <td>
          Entered the calender description as - TestCalendarDescription
        </td>
      </tr>
      <tr class="event-row">
        <td><span class="badge log fail-bg">Fail</span></td>
        <td>3:46:53 PM</td>
        <td>
          <span class='badge white-text red'>overallTesting is failed</span>
        </td>
      </tr>
      <tr class="event-row">
        <td><span class="badge log fail-bg">Fail</span></td>
        <td>3:46:53 PM</td>
        <td>
          <span class='badge white-text red'>org.openqa.selenium.TimeoutException: Expected condition failed: waiting for alert to be present (tried for 20 second(s) with 500 milliseconds interval)
Build info: version: '4.22.0', revision: 'c5f3146703*'
System info: os.name: 'Windows 10', os.arch: 'amd64', os.version: '10.0', java.version: '17.0.7'
Driver info: org.openqa.selenium.chrome.ChromeDriver
Capabilities {acceptInsecureCerts: false, browserName: chrome, browserVersion: 128.0.6613.139, chrome: {chromedriverVersion: 128.0.6613.137 (fe621c5aa2d..., userDataDir: C:\Users\Admin\AppData\Loca...}, fedcm:accounts: true, goog:chromeOptions: {debuggerAddress: localhost:59713}, networkConnectionEnabled: false, pageLoadStrategy: normal, platformName: windows, proxy: Proxy(), se:cdp: ws://localhost:59713/devtoo..., se:cdpVersion: 128.0.6613.139, setWindowRect: true, strictFileInteractability: false, timeouts: {implicit: 0, pageLoad: 300000, script: 30000}, unhandledPromptBehavior: dismiss and notify, webauthn:extension:credBlob: true, webauthn:extension:largeBlob: true, webauthn:extension:minPinLength: true, webauthn:extension:prf: true, webauthn:virtualAuthenticators: true}
Session ID: e67948da01976c344e4485e58087632a</span>
        </td>
      </tr>
  </tbody>
</table>
</div>
          </div>
        </li>
        <li class="test-item"  status="pass" test-id="17"
          author=""
          tag=""
          device="">
          <div class="test-detail">
            <p class="name">addEstimateTimeEffortTask</p>
            <p class="text-sm">
              <span>3:47:00 PM</span> / <span>00:01:40:265</span>
              <span class="badge pass-bg log float-right">Pass</span>
            </p>
          </div>
          <div class="test-contents d-none">
<div class="detail-head">
<div class="p-v-10">
<div class="info">
<h5 class="test-status text-pass">addEstimateTimeEffortTask</h5>
<span class='badge badge-success'>09.23.2024 3:47:00 PM</span>
<span class='badge badge-danger'>09.23.2024 3:48:41 PM</span>
<span class='badge badge-default'>00:01:40:265</span>
&middot; <span class='uri-anchor badge badge-default'>#test-id=17</span>
<span title='Skip to the next failed step' class='badge badge-danger pointer float-right ne ml-1'><i class="fa fa-fast-forward"></i></span>
<span title='Collapse all nodes' class='badge badge-default pointer float-right ct ml-1'><i class="fa fa-compress"></i></span>
<span title='Expand all nodes' class='badge badge-default pointer float-right et'><i class="fa fa-expand"></i></span>
</div>
</div>
</div><div class="detail-body mt-4">
<table class="table table-sm">
  <thead><tr><th class="status-col">Status</th><th class="timestamp-col">Timestamp</th><th class="details-col">Details</th></tr></thead>
  <tbody>
      <tr class="event-row">
        <td><span class="badge log pass-bg">Pass</span></td>
        <td>3:47:01 PM</td>
        <td>
          Clicked the create new project shortcut option from sidebar menu
        </td>
      </tr>
      <tr class="event-row">
        <td><span class="badge log pass-bg">Pass</span></td>
        <td>3:47:04 PM</td>
        <td>
          Selected the create new waterfall project option from the create new project shortcut option
        </td>
      </tr>
      <tr class="event-row">
        <td><span class="badge log pass-bg">Pass</span></td>
        <td>3:47:04 PM</td>
        <td>
          Defined project name as - TestingTaskEffortProject15_37_46
        </td>
      </tr>
      <tr class="event-row">
        <td><span class="badge log pass-bg">Pass</span></td>
        <td>3:47:05 PM</td>
        <td>
          Selected project priority as - Low
        </td>
      </tr>
      <tr class="event-row">
        <td><span class="badge log pass-bg">Pass</span></td>
        <td>3:47:07 PM</td>
        <td>
          Selected project type as - Consulting
        </td>
      </tr>
      <tr class="event-row">
        <td><span class="badge log pass-bg">Pass</span></td>
        <td>3:47:10 PM</td>
        <td>
          Saved the project general details
        </td>
      </tr>
      <tr class="event-row">
        <td><span class="badge log pass-bg">Pass</span></td>
        <td>3:47:14 PM</td>
        <td>
          Navigated to tasks tab
        </td>
      </tr>
      <tr class="event-row">
        <td><span class="badge log pass-bg">Pass</span></td>
        <td>3:47:17 PM</td>
        <td>
          Selected add new task option
        </td>
      </tr>
      <tr class="event-row">
        <td><span class="badge log pass-bg">Pass</span></td>
        <td>3:47:17 PM</td>
        <td>
          Entered task name as - DemoTestTask
        </td>
      </tr>
      <tr class="event-row">
        <td><span class="badge log pass-bg">Pass</span></td>
        <td>3:47:18 PM</td>
        <td>
          Entered 22-07-2024 as task start date
        </td>
      </tr>
      <tr class="event-row">
        <td><span class="badge log pass-bg">Pass</span></td>
        <td>3:47:18 PM</td>
        <td>
          Entered 26-07-2024 as task start date
        </td>
      </tr>
      <tr class="event-row">
        <td><span class="badge log pass-bg">Pass</span></td>
        <td>3:47:20 PM</td>
        <td>
          Saved the task general details
        </td>
      </tr>
      <tr class="event-row">
        <td><span class="badge log pass-bg">Pass</span></td>
        <td>3:47:23 PM</td>
        <td>
          Navigated to project team tab
        </td>
      </tr>
      <tr class="event-row">
        <td><span class="badge log pass-bg">Pass</span></td>
        <td>3:47:25 PM</td>
        <td>
          Assigned DemoTestTask to st.qa07@gmail.com as TaskManager
        </td>
      </tr>
      <tr class="event-row">
        <td><span class="badge log pass-bg">Pass</span></td>
        <td>3:47:25 PM</td>
        <td>
          Switched to estimated effort tab
        </td>
      </tr>
      <tr class="event-row">
        <td><span class="badge log pass-bg">Pass</span></td>
        <td>3:47:29 PM</td>
        <td>
          Added estimated effort to DemoTestTask of 10:00 for st.qa07@gmail.com
        </td>
      </tr>
      <tr class="event-row">
        <td><span class="badge log pass-bg">Pass</span></td>
        <td>3:47:32 PM</td>
        <td>
          Navigated to project budget tab
        </td>
      </tr>
      <tr class="event-row">
        <td><span class="badge log pass-bg">Pass</span></td>
        <td>3:47:32 PM</td>
        <td>
          The bottom up total workforce hours is as expected - 10:00 hrs
        </td>
      </tr>
      <tr class="event-row">
        <td><span class="badge log pass-bg">Pass</span></td>
        <td>3:47:35 PM</td>
        <td>
          Navigated to tasks tab
        </td>
      </tr>
      <tr class="event-row">
        <td><span class="badge log pass-bg">Pass</span></td>
        <td>3:47:35 PM</td>
        <td>
          Entered the DemoTestTask task name in the task name filter
        </td>
      </tr>
      <tr class="event-row">
        <td><span class="badge log pass-bg">Pass</span></td>
        <td>3:47:36 PM</td>
        <td>
          Clicked the filter apply button
        </td>
      </tr>
      <tr class="event-row">
        <td><span class="badge log pass-bg">Pass</span></td>
        <td>3:47:38 PM</td>
        <td>
          DemoTestTask is present in the tasks list
        </td>
      </tr>
      <tr class="event-row">
        <td><span class="badge log pass-bg">Pass</span></td>
        <td>3:47:42 PM</td>
        <td>
          Navigated to task - DemoTestTask
        </td>
      </tr>
      <tr class="event-row">
        <td><span class="badge log pass-bg">Pass</span></td>
        <td>3:47:43 PM</td>
        <td>
          Navigated to tasks team tab
        </td>
      </tr>
      <tr class="event-row">
        <td><span class="badge log pass-bg">Pass</span></td>
        <td>3:47:45 PM</td>
        <td>
          st.qa07@gmail.com user is assigned to the task as - Manager
        </td>
      </tr>
      <tr class="event-row">
        <td><span class="badge log pass-bg">Pass</span></td>
        <td>3:47:49 PM</td>
        <td>
          Navigated to tasks effort tab
        </td>
      </tr>
      <tr class="event-row">
        <td><span class="badge log pass-bg">Pass</span></td>
        <td>3:47:49 PM</td>
        <td>
          Task assigned effort is as expected - 10:00 hrs
        </td>
      </tr>
      <tr class="event-row">
        <td><span class="badge log pass-bg">Pass</span></td>
        <td>3:47:50 PM</td>
        <td>
          Assign by team member estimated effort table has entry for Ravinder Singh user with 10:00 estimated hours
        </td>
      </tr>
      <tr class="event-row">
        <td><span class="badge log pass-bg">Pass</span></td>
        <td>3:47:50 PM</td>
        <td>
          Task total estimated effort is as expected - 10:00 h
        </td>
      </tr>
      <tr class="event-row">
        <td><span class="badge log pass-bg">Pass</span></td>
        <td>3:47:54 PM</td>
        <td>
          Navigated to gantt tab
        </td>
      </tr>
      <tr class="event-row">
        <td><span class="badge log pass-bg">Pass</span></td>
        <td>3:47:57 PM</td>
        <td>
          Searched task from gantt search bar - DemoTestTask
        </td>
      </tr>
      <tr class="event-row">
        <td><span class="badge log pass-bg">Pass</span></td>
        <td>3:47:57 PM</td>
        <td>
          DemoTestTask task is present in the gantt tasks list
        </td>
      </tr>
      <tr class="event-row">
        <td><span class="badge log pass-bg">Pass</span></td>
        <td>3:47:59 PM</td>
        <td>
          Opened gantt edit task popup for DemoTestTask task
        </td>
      </tr>
      <tr class="event-row">
        <td><span class="badge log pass-bg">Pass</span></td>
        <td>3:47:59 PM</td>
        <td>
          Opened gantt edit task popup for DemoTestTask task
        </td>
      </tr>
      <tr class="event-row">
        <td><span class="badge log pass-bg">Pass</span></td>
        <td>3:48:00 PM</td>
        <td>
          Opened gantt edit task popup for DemoTestTask task
        </td>
      </tr>
      <tr class="event-row">
        <td><span class="badge log pass-bg">Pass</span></td>
        <td>3:48:00 PM</td>
        <td>
          Switch to the resources tab in the gantt edit task popup
        </td>
      </tr>
      <tr class="event-row">
        <td><span class="badge log pass-bg">Pass</span></td>
        <td>3:48:02 PM</td>
        <td>
          Added 15 hrs task effort to Ravinder Singh resource
        </td>
      </tr>
      <tr class="event-row">
        <td><span class="badge log pass-bg">Pass</span></td>
        <td>3:48:04 PM</td>
        <td>
          Saved the project gantt details
        </td>
      </tr>
      <tr class="event-row">
        <td><span class="badge log pass-bg">Pass</span></td>
        <td>3:48:07 PM</td>
        <td>
          Navigated to project budget tab
        </td>
      </tr>
      <tr class="event-row">
        <td><span class="badge log pass-bg">Pass</span></td>
        <td>3:48:07 PM</td>
        <td>
          The bottom up total workforce hours is as expected - 15:00 hrs
        </td>
      </tr>
      <tr class="event-row">
        <td><span class="badge log pass-bg">Pass</span></td>
        <td>3:48:09 PM</td>
        <td>
          Navigated to tasks tab
        </td>
      </tr>
      <tr class="event-row">
        <td><span class="badge log pass-bg">Pass</span></td>
        <td>3:48:09 PM</td>
        <td>
          Entered the DemoTestTask task name in the task name filter
        </td>
      </tr>
      <tr class="event-row">
        <td><span class="badge log pass-bg">Pass</span></td>
        <td>3:48:11 PM</td>
        <td>
          Clicked the filter apply button
        </td>
      </tr>
      <tr class="event-row">
        <td><span class="badge log pass-bg">Pass</span></td>
        <td>3:48:13 PM</td>
        <td>
          DemoTestTask is present in the tasks list
        </td>
      </tr>
      <tr class="event-row">
        <td><span class="badge log pass-bg">Pass</span></td>
        <td>3:48:16 PM</td>
        <td>
          Navigated to task - DemoTestTask
        </td>
      </tr>
      <tr class="event-row">
        <td><span class="badge log pass-bg">Pass</span></td>
        <td>3:48:19 PM</td>
        <td>
          Navigated to tasks effort tab
        </td>
      </tr>
      <tr class="event-row">
        <td><span class="badge log pass-bg">Pass</span></td>
        <td>3:48:20 PM</td>
        <td>
          Task assigned effort is as expected - 15:00 hrs
        </td>
      </tr>
      <tr class="event-row">
        <td><span class="badge log pass-bg">Pass</span></td>
        <td>3:48:20 PM</td>
        <td>
          Assign by team member estimated effort table has entry for Ravinder Singh user with 15:00 estimated hours
        </td>
      </tr>
      <tr class="event-row">
        <td><span class="badge log pass-bg">Pass</span></td>
        <td>3:48:20 PM</td>
        <td>
          Task total estimated effort is as expected - 15:00 h
        </td>
      </tr>
      <tr class="event-row">
        <td><span class="badge log pass-bg">Pass</span></td>
        <td>3:48:22 PM</td>
        <td>
          Assigned 10:15 hrs estimate effort for task to Ravinder Singh user
        </td>
      </tr>
      <tr class="event-row">
        <td><span class="badge log pass-bg">Pass</span></td>
        <td>3:48:26 PM</td>
        <td>
          Saved the task effort details
        </td>
      </tr>
      <tr class="event-row">
        <td><span class="badge log pass-bg">Pass</span></td>
        <td>3:48:26 PM</td>
        <td>
          Task assigned effort is as expected - 10:15 hrs
        </td>
      </tr>
      <tr class="event-row">
        <td><span class="badge log pass-bg">Pass</span></td>
        <td>3:48:26 PM</td>
        <td>
          Assign by team member estimated effort table has entry for Ravinder Singh user with 10:15 estimated hours
        </td>
      </tr>
      <tr class="event-row">
        <td><span class="badge log pass-bg">Pass</span></td>
        <td>3:48:26 PM</td>
        <td>
          Task total estimated effort is as expected - 15:00 h
        </td>
      </tr>
      <tr class="event-row">
        <td><span class="badge log pass-bg">Pass</span></td>
        <td>3:48:28 PM</td>
        <td>
          Navigated to project budget tab
        </td>
      </tr>
      <tr class="event-row">
        <td><span class="badge log pass-bg">Pass</span></td>
        <td>3:48:28 PM</td>
        <td>
          The bottom up total workforce hours is as expected - 15:00 hrs
        </td>
      </tr>
      <tr class="event-row">
        <td><span class="badge log pass-bg">Pass</span></td>
        <td>3:48:30 PM</td>
        <td>
          Navigated to projects module from the side menu
        </td>
      </tr>
      <tr class="event-row">
        <td><span class="badge log pass-bg">Pass</span></td>
        <td>3:48:34 PM</td>
        <td>
          Entered TestingTaskEffortProject15_37_46 project name in the project name filter
        </td>
      </tr>
      <tr class="event-row">
        <td><span class="badge log pass-bg">Pass</span></td>
        <td>3:48:35 PM</td>
        <td>
          Checked the active projects filter checkbox
        </td>
      </tr>
      <tr class="event-row">
        <td><span class="badge log pass-bg">Pass</span></td>
        <td>3:48:36 PM</td>
        <td>
          Clicked the filter apply button
        </td>
      </tr>
      <tr class="event-row">
        <td><span class="badge log pass-bg">Pass</span></td>
        <td>3:48:38 PM</td>
        <td>
          Clicked the cross icon for TestingTaskEffortProject15_37_46 project
        </td>
      </tr>
      <tr class="event-row">
        <td><span class="badge log pass-bg">Pass</span></td>
        <td>3:48:38 PM</td>
        <td>
          Accepted the alert
        </td>
      </tr>
      <tr class="event-row">
        <td><span class="badge log pass-bg">Pass</span></td>
        <td>3:48:41 PM</td>
        <td>
          No record found in the list
        </td>
      </tr>
      <tr class="event-row">
        <td><span class="badge log pass-bg">Pass</span></td>
        <td>3:48:41 PM</td>
        <td>
          addEstimateTimeEffortTask is passed
        </td>
      </tr>
  </tbody>
</table>
</div>
          </div>
        </li>
        <li class="test-item"  status="pass" test-id="18"
          author=""
          tag=""
          device="">
          <div class="test-detail">
            <p class="name">addProgressReportToProject</p>
            <p class="text-sm">
              <span>3:48:49 PM</span> / <span>00:00:57:480</span>
              <span class="badge pass-bg log float-right">Pass</span>
            </p>
          </div>
          <div class="test-contents d-none">
<div class="detail-head">
<div class="p-v-10">
<div class="info">
<h5 class="test-status text-pass">addProgressReportToProject</h5>
<span class='badge badge-success'>09.23.2024 3:48:49 PM</span>
<span class='badge badge-danger'>09.23.2024 3:49:46 PM</span>
<span class='badge badge-default'>00:00:57:480</span>
&middot; <span class='uri-anchor badge badge-default'>#test-id=18</span>
<span title='Skip to the next failed step' class='badge badge-danger pointer float-right ne ml-1'><i class="fa fa-fast-forward"></i></span>
<span title='Collapse all nodes' class='badge badge-default pointer float-right ct ml-1'><i class="fa fa-compress"></i></span>
<span title='Expand all nodes' class='badge badge-default pointer float-right et'><i class="fa fa-expand"></i></span>
</div>
</div>
</div><div class="detail-body mt-4">
<table class="table table-sm">
  <thead><tr><th class="status-col">Status</th><th class="timestamp-col">Timestamp</th><th class="details-col">Details</th></tr></thead>
  <tbody>
      <tr class="event-row">
        <td><span class="badge log pass-bg">Pass</span></td>
        <td>3:48:49 PM</td>
        <td>
          Clicked the create new project shortcut option from sidebar menu
        </td>
      </tr>
      <tr class="event-row">
        <td><span class="badge log pass-bg">Pass</span></td>
        <td>3:48:52 PM</td>
        <td>
          Selected the create new waterfall project option from the create new project shortcut option
        </td>
      </tr>
      <tr class="event-row">
        <td><span class="badge log pass-bg">Pass</span></td>
        <td>3:48:52 PM</td>
        <td>
          Defined project name as - TestingProgressProject15_37_46
        </td>
      </tr>
      <tr class="event-row">
        <td><span class="badge log pass-bg">Pass</span></td>
        <td>3:48:54 PM</td>
        <td>
          Selected project priority as - Low
        </td>
      </tr>
      <tr class="event-row">
        <td><span class="badge log pass-bg">Pass</span></td>
        <td>3:48:55 PM</td>
        <td>
          Selected project type as - Consulting
        </td>
      </tr>
      <tr class="event-row">
        <td><span class="badge log pass-bg">Pass</span></td>
        <td>3:49:01 PM</td>
        <td>
          Saved the project general details
        </td>
      </tr>
      <tr class="event-row">
        <td><span class="badge log pass-bg">Pass</span></td>
        <td>3:49:01 PM</td>
        <td>
          Navigated to projects progress tab
        </td>
      </tr>
      <tr class="event-row">
        <td><span class="badge log pass-bg">Pass</span></td>
        <td>3:49:08 PM</td>
        <td>
          Clicked the add progress report button
        </td>
      </tr>
      <tr class="event-row">
        <td><span class="badge log pass-bg">Pass</span></td>
        <td>3:49:10 PM</td>
        <td>
          Selected progress assessment as - Good
        </td>
      </tr>
      <tr class="event-row">
        <td><span class="badge log pass-bg">Pass</span></td>
        <td>3:49:10 PM</td>
        <td>
          Entered progress short description as - Testing progress report
        </td>
      </tr>
      <tr class="event-row">
        <td><span class="badge log pass-bg">Pass</span></td>
        <td>3:49:10 PM</td>
        <td>
          Entered progress completed percentage as - 40 percent
        </td>
      </tr>
      <tr class="event-row">
        <td><span class="badge log pass-bg">Pass</span></td>
        <td>3:49:11 PM</td>
        <td>
          Saved the progress report
        </td>
      </tr>
      <tr class="event-row">
        <td><span class="badge log pass-bg">Pass</span></td>
        <td>3:49:12 PM</td>
        <td>
          Navigated to projects progress tab
        </td>
      </tr>
      <tr class="event-row">
        <td><span class="badge log pass-bg">Pass</span></td>
        <td>3:49:15 PM</td>
        <td>
          Navigated to projects module from the side menu
        </td>
      </tr>
      <tr class="event-row">
        <td><span class="badge log pass-bg">Pass</span></td>
        <td>3:49:18 PM</td>
        <td>
          Entered TestingProgressProject15_37_46 project name in the project name filter
        </td>
      </tr>
      <tr class="event-row">
        <td><span class="badge log pass-bg">Pass</span></td>
        <td>3:49:18 PM</td>
        <td>
          Checked the active projects filter checkbox
        </td>
      </tr>
      <tr class="event-row">
        <td><span class="badge log pass-bg">Pass</span></td>
        <td>3:49:20 PM</td>
        <td>
          Clicked the filter apply button
        </td>
      </tr>
      <tr class="event-row">
        <td><span class="badge log pass-bg">Pass</span></td>
        <td>3:49:20 PM</td>
        <td>
          TestingProgressProject15_37_46 has assessment type Good and is 40 percent completed
        </td>
      </tr>
      <tr class="event-row">
        <td><span class="badge log pass-bg">Pass</span></td>
        <td>3:49:26 PM</td>
        <td>
          Navigated to TestingProgressProject15_37_46 project
        </td>
      </tr>
      <tr class="event-row">
        <td><span class="badge log pass-bg">Pass</span></td>
        <td>3:49:27 PM</td>
        <td>
          Navigated to projects progress tab
        </td>
      </tr>
      <tr class="event-row">
        <td><span class="badge log pass-bg">Pass</span></td>
        <td>3:49:33 PM</td>
        <td>
          Clicked the progress report menu icon
        </td>
      </tr>
      <tr class="event-row">
        <td><span class="badge log pass-bg">Pass</span></td>
        <td>3:49:33 PM</td>
        <td>
          Testing progress report progress is present in the progress report list
        </td>
      </tr>
      <tr class="event-row">
        <td><span class="badge log pass-bg">Pass</span></td>
        <td>3:49:33 PM</td>
        <td>
          Clicked the delete icon for Testing progress report progress
        </td>
      </tr>
      <tr class="event-row">
        <td><span class="badge log pass-bg">Pass</span></td>
        <td>3:49:33 PM</td>
        <td>
          Accepted the alert
        </td>
      </tr>
      <tr class="event-row">
        <td><span class="badge log pass-bg">Pass</span></td>
        <td>3:49:36 PM</td>
        <td>
          No record found in the list
        </td>
      </tr>
      <tr class="event-row">
        <td><span class="badge log pass-bg">Pass</span></td>
        <td>3:49:36 PM</td>
        <td>
          Clicked the cross icon for the project progress report menu
        </td>
      </tr>
      <tr class="event-row">
        <td><span class="badge log pass-bg">Pass</span></td>
        <td>3:49:36 PM</td>
        <td>
          Navigated to projects progress tab
        </td>
      </tr>
      <tr class="event-row">
        <td><span class="badge log pass-bg">Pass</span></td>
        <td>3:49:37 PM</td>
        <td>
          Navigated to projects module from the side menu
        </td>
      </tr>
      <tr class="event-row">
        <td><span class="badge log pass-bg">Pass</span></td>
        <td>3:49:40 PM</td>
        <td>
          Entered TestingProgressProject15_37_46 project name in the project name filter
        </td>
      </tr>
      <tr class="event-row">
        <td><span class="badge log pass-bg">Pass</span></td>
        <td>3:49:40 PM</td>
        <td>
          Checked the active projects filter checkbox
        </td>
      </tr>
      <tr class="event-row">
        <td><span class="badge log pass-bg">Pass</span></td>
        <td>3:49:41 PM</td>
        <td>
          Clicked the filter apply button
        </td>
      </tr>
      <tr class="event-row">
        <td><span class="badge log pass-bg">Pass</span></td>
        <td>3:49:42 PM</td>
        <td>
          TestingProgressProject15_37_46 has assessment type  and is  percent completed
        </td>
      </tr>
      <tr class="event-row">
        <td><span class="badge log pass-bg">Pass</span></td>
        <td>3:49:43 PM</td>
        <td>
          Clicked the cross icon for TestingProgressProject15_37_46 project
        </td>
      </tr>
      <tr class="event-row">
        <td><span class="badge log pass-bg">Pass</span></td>
        <td>3:49:43 PM</td>
        <td>
          Accepted the alert
        </td>
      </tr>
      <tr class="event-row">
        <td><span class="badge log pass-bg">Pass</span></td>
        <td>3:49:46 PM</td>
        <td>
          No record found in the list
        </td>
      </tr>
      <tr class="event-row">
        <td><span class="badge log pass-bg">Pass</span></td>
        <td>3:49:46 PM</td>
        <td>
          addProgressReportToProject is passed
        </td>
      </tr>
  </tbody>
</table>
</div>
          </div>
        </li>
        <li class="test-item"  status="pass" test-id="19"
          author=""
          tag=""
          device="">
          <div class="test-detail">
            <p class="name">addBusinessGoalAndAddToProject</p>
            <p class="text-sm">
              <span>3:49:54 PM</span> / <span>00:00:59:381</span>
              <span class="badge pass-bg log float-right">Pass</span>
            </p>
          </div>
          <div class="test-contents d-none">
<div class="detail-head">
<div class="p-v-10">
<div class="info">
<h5 class="test-status text-pass">addBusinessGoalAndAddToProject</h5>
<span class='badge badge-success'>09.23.2024 3:49:54 PM</span>
<span class='badge badge-danger'>09.23.2024 3:50:54 PM</span>
<span class='badge badge-default'>00:00:59:381</span>
&middot; <span class='uri-anchor badge badge-default'>#test-id=19</span>
<span title='Skip to the next failed step' class='badge badge-danger pointer float-right ne ml-1'><i class="fa fa-fast-forward"></i></span>
<span title='Collapse all nodes' class='badge badge-default pointer float-right ct ml-1'><i class="fa fa-compress"></i></span>
<span title='Expand all nodes' class='badge badge-default pointer float-right et'><i class="fa fa-expand"></i></span>
</div>
</div>
</div><div class="detail-body mt-4">
<table class="table table-sm">
  <thead><tr><th class="status-col">Status</th><th class="timestamp-col">Timestamp</th><th class="details-col">Details</th></tr></thead>
  <tbody>
      <tr class="event-row">
        <td><span class="badge log pass-bg">Pass</span></td>
        <td>3:49:56 PM</td>
        <td>
          Navigated to business goals module from the side menu
        </td>
      </tr>
      <tr class="event-row">
        <td><span class="badge log pass-bg">Pass</span></td>
        <td>3:49:58 PM</td>
        <td>
          Clicked the add new plan 
        </td>
      </tr>
      <tr class="event-row">
        <td><span class="badge log pass-bg">Pass</span></td>
        <td>3:49:58 PM</td>
        <td>
          Entered business plan name as - TestBusinessPlan15_37_46
        </td>
      </tr>
      <tr class="event-row">
        <td><span class="badge log pass-bg">Pass</span></td>
        <td>3:49:59 PM</td>
        <td>
          Entered business plan start date as - 23-09-2024
        </td>
      </tr>
      <tr class="event-row">
        <td><span class="badge log pass-bg">Pass</span></td>
        <td>3:49:59 PM</td>
        <td>
          Entered business plan end date as - 23-09-2024
        </td>
      </tr>
      <tr class="event-row">
        <td><span class="badge log pass-bg">Pass</span></td>
        <td>3:50:04 PM</td>
        <td>
          Success validation message side popup appeared and closed the popup
        </td>
      </tr>
      <tr class="event-row">
        <td><span class="badge log pass-bg">Pass</span></td>
        <td>3:50:04 PM</td>
        <td>
          Save the business goal details
        </td>
      </tr>
      <tr class="event-row">
        <td><span class="badge log pass-bg">Pass</span></td>
        <td>3:50:05 PM</td>
        <td>
          TestBusinessPlan15_37_46 business plan is present with start date as : 23-09-2024 and end date as : 23-09-2024
        </td>
      </tr>
      <tr class="event-row">
        <td><span class="badge log pass-bg">Pass</span></td>
        <td>3:50:06 PM</td>
        <td>
          Clicked the add new business goal button
        </td>
      </tr>
      <tr class="event-row">
        <td><span class="badge log pass-bg">Pass</span></td>
        <td>3:50:06 PM</td>
        <td>
          Selected TestBusinessPlan15_37_46 business plan for the business goal
        </td>
      </tr>
      <tr class="event-row">
        <td><span class="badge log pass-bg">Pass</span></td>
        <td>3:50:06 PM</td>
        <td>
          Enter business goal name as - TestBusinessGoal15_37_46
        </td>
      </tr>
      <tr class="event-row">
        <td><span class="badge log pass-bg">Pass</span></td>
        <td>3:50:06 PM</td>
        <td>
          Enter business goal description as - Testing business goals
        </td>
      </tr>
      <tr class="event-row">
        <td><span class="badge log pass-bg">Pass</span></td>
        <td>3:50:11 PM</td>
        <td>
          Success validation message side popup appeared and closed the popup
        </td>
      </tr>
      <tr class="event-row">
        <td><span class="badge log pass-bg">Pass</span></td>
        <td>3:50:11 PM</td>
        <td>
          Save the business goal details
        </td>
      </tr>
      <tr class="event-row">
        <td><span class="badge log pass-bg">Pass</span></td>
        <td>3:50:12 PM</td>
        <td>
          TestBusinessGoal15_37_46 business goal is present with plan selected as : TestBusinessPlan15_37_46
        </td>
      </tr>
      <tr class="event-row">
        <td><span class="badge log pass-bg">Pass</span></td>
        <td>3:50:13 PM</td>
        <td>
          Navigated to projects module from the side menu
        </td>
      </tr>
      <tr class="event-row">
        <td><span class="badge log pass-bg">Pass</span></td>
        <td>3:50:18 PM</td>
        <td>
          Selected create new waterfall project option
        </td>
      </tr>
      <tr class="event-row">
        <td><span class="badge log pass-bg">Pass</span></td>
        <td>3:50:18 PM</td>
        <td>
          Defined project name as - TestingBusinessGoalProject15_37_46
        </td>
      </tr>
      <tr class="event-row">
        <td><span class="badge log pass-bg">Pass</span></td>
        <td>3:50:19 PM</td>
        <td>
          Selected project priority as - Low
        </td>
      </tr>
      <tr class="event-row">
        <td><span class="badge log pass-bg">Pass</span></td>
        <td>3:50:21 PM</td>
        <td>
          Selected project type as - Consulting
        </td>
      </tr>
      <tr class="event-row">
        <td><span class="badge log pass-bg">Pass</span></td>
        <td>3:50:22 PM</td>
        <td>
          Business goal selected as - TestBusinessGoal15_37_46
        </td>
      </tr>
      <tr class="event-row">
        <td><span class="badge log pass-bg">Pass</span></td>
        <td>3:50:28 PM</td>
        <td>
          Saved the project general details
        </td>
      </tr>
      <tr class="event-row">
        <td><span class="badge log pass-bg">Pass</span></td>
        <td>3:50:28 PM</td>
        <td>
          Validation message side popup does not appear
        </td>
      </tr>
      <tr class="event-row">
        <td><span class="badge log pass-bg">Pass</span></td>
        <td>3:50:30 PM</td>
        <td>
          Removed business goal from project
        </td>
      </tr>
      <tr class="event-row">
        <td><span class="badge log pass-bg">Pass</span></td>
        <td>3:50:30 PM</td>
        <td>
          Saved the project general details
        </td>
      </tr>
      <tr class="event-row">
        <td><span class="badge log pass-bg">Pass</span></td>
        <td>3:50:31 PM</td>
        <td>
          Navigated to projects module from the side menu
        </td>
      </tr>
      <tr class="event-row">
        <td><span class="badge log pass-bg">Pass</span></td>
        <td>3:50:33 PM</td>
        <td>
          Entered TestingBusinessGoalProject15_37_46 project name in the project name filter
        </td>
      </tr>
      <tr class="event-row">
        <td><span class="badge log pass-bg">Pass</span></td>
        <td>3:50:34 PM</td>
        <td>
          Checked the active projects filter checkbox
        </td>
      </tr>
      <tr class="event-row">
        <td><span class="badge log pass-bg">Pass</span></td>
        <td>3:50:35 PM</td>
        <td>
          Clicked the filter apply button
        </td>
      </tr>
      <tr class="event-row">
        <td><span class="badge log pass-bg">Pass</span></td>
        <td>3:50:36 PM</td>
        <td>
          Clicked the cross icon for TestingBusinessGoalProject15_37_46 project
        </td>
      </tr>
      <tr class="event-row">
        <td><span class="badge log pass-bg">Pass</span></td>
        <td>3:50:37 PM</td>
        <td>
          Accepted the alert
        </td>
      </tr>
      <tr class="event-row">
        <td><span class="badge log pass-bg">Pass</span></td>
        <td>3:50:39 PM</td>
        <td>
          No record found in the list
        </td>
      </tr>
      <tr class="event-row">
        <td><span class="badge log pass-bg">Pass</span></td>
        <td>3:50:40 PM</td>
        <td>
          Navigated to business goals module from the side menu
        </td>
      </tr>
      <tr class="event-row">
        <td><span class="badge log pass-bg">Pass</span></td>
        <td>3:50:42 PM</td>
        <td>
          Clicked the delete icon for the TestBusinessGoal15_37_46 business goal
        </td>
      </tr>
      <tr class="event-row">
        <td><span class="badge log pass-bg">Pass</span></td>
        <td>3:50:42 PM</td>
        <td>
          Accepted the alert
        </td>
      </tr>
      <tr class="event-row">
        <td><span class="badge log pass-bg">Pass</span></td>
        <td>3:50:46 PM</td>
        <td>
          Success validation message side popup appeared and closed the popup
        </td>
      </tr>
      <tr class="event-row">
        <td><span class="badge log pass-bg">Pass</span></td>
        <td>3:50:47 PM</td>
        <td>
          TestBusinessGoal15_37_46 business plan is not present in the list
        </td>
      </tr>
      <tr class="event-row">
        <td><span class="badge log pass-bg">Pass</span></td>
        <td>3:50:49 PM</td>
        <td>
          Clicked the delete icon for the TestBusinessPlan15_37_46 business plan
        </td>
      </tr>
      <tr class="event-row">
        <td><span class="badge log pass-bg">Pass</span></td>
        <td>3:50:49 PM</td>
        <td>
          Accepted the alert
        </td>
      </tr>
      <tr class="event-row">
        <td><span class="badge log pass-bg">Pass</span></td>
        <td>3:50:53 PM</td>
        <td>
          Success validation message side popup appeared and closed the popup
        </td>
      </tr>
      <tr class="event-row">
        <td><span class="badge log pass-bg">Pass</span></td>
        <td>3:50:54 PM</td>
        <td>
          TestBusinessPlan15_37_46 business plan is not present in the list
        </td>
      </tr>
      <tr class="event-row">
        <td><span class="badge log pass-bg">Pass</span></td>
        <td>3:50:54 PM</td>
        <td>
          addBusinessGoalAndAddToProject is passed
        </td>
      </tr>
  </tbody>
</table>
</div>
          </div>
        </li>
        <li class="test-item"  status="pass" test-id="20"
          author=""
          tag=""
          device="">
          <div class="test-detail">
            <p class="name">verifyInputAndOutputCostNotMandatoryInCategoryStandard</p>
            <p class="text-sm">
              <span>3:51:01 PM</span> / <span>00:00:42:714</span>
              <span class="badge pass-bg log float-right">Pass</span>
            </p>
          </div>
          <div class="test-contents d-none">
<div class="detail-head">
<div class="p-v-10">
<div class="info">
<h5 class="test-status text-pass">verifyInputAndOutputCostNotMandatoryInCategoryStandard</h5>
<span class='badge badge-success'>09.23.2024 3:51:01 PM</span>
<span class='badge badge-danger'>09.23.2024 3:51:44 PM</span>
<span class='badge badge-default'>00:00:42:714</span>
&middot; <span class='uri-anchor badge badge-default'>#test-id=20</span>
<span title='Skip to the next failed step' class='badge badge-danger pointer float-right ne ml-1'><i class="fa fa-fast-forward"></i></span>
<span title='Collapse all nodes' class='badge badge-default pointer float-right ct ml-1'><i class="fa fa-compress"></i></span>
<span title='Expand all nodes' class='badge badge-default pointer float-right et'><i class="fa fa-expand"></i></span>
</div>
</div>
</div><div class="detail-body mt-4">
<table class="table table-sm">
  <thead><tr><th class="status-col">Status</th><th class="timestamp-col">Timestamp</th><th class="details-col">Details</th></tr></thead>
  <tbody>
      <tr class="event-row">
        <td><span class="badge log pass-bg">Pass</span></td>
        <td>3:51:03 PM</td>
        <td>
          Navigated to categories and rates module from the side menu
        </td>
      </tr>
      <tr class="event-row">
        <td><span class="badge log pass-bg">Pass</span></td>
        <td>3:51:04 PM</td>
        <td>
          Clicked the add new category button
        </td>
      </tr>
      <tr class="event-row">
        <td><span class="badge log pass-bg">Pass</span></td>
        <td>3:51:04 PM</td>
        <td>
          Entered the category name as - TestCategory15_37_46
        </td>
      </tr>
      <tr class="event-row">
        <td><span class="badge log pass-bg">Pass</span></td>
        <td>3:51:05 PM</td>
        <td>
          Saved the category details
        </td>
      </tr>
      <tr class="event-row">
        <td><span class="badge log pass-bg">Pass</span></td>
        <td>3:51:09 PM</td>
        <td>
          Success validation message side popup appeared and closed the popup
        </td>
      </tr>
      <tr class="event-row">
        <td><span class="badge log pass-bg">Pass</span></td>
        <td>3:51:11 PM</td>
        <td>
          TestCategory15_37_46 category found in the category table
        </td>
      </tr>
      <tr class="event-row">
        <td><span class="badge log pass-bg">Pass</span></td>
        <td>3:51:13 PM</td>
        <td>
          Switched to categories standard tab
        </td>
      </tr>
      <tr class="event-row">
        <td><span class="badge log pass-bg">Pass</span></td>
        <td>3:51:16 PM</td>
        <td>
          Navigated to TestCategory15_37_46 category from the category table
        </td>
      </tr>
      <tr class="event-row">
        <td><span class="badge log pass-bg">Pass</span></td>
        <td>3:51:16 PM</td>
        <td>
          Selected category as - TestCategory15_37_46
        </td>
      </tr>
      <tr class="event-row">
        <td><span class="badge log pass-bg">Pass</span></td>
        <td>3:51:16 PM</td>
        <td>
          Entered category standard cost date as - 23-09-2024
        </td>
      </tr>
      <tr class="event-row">
        <td><span class="badge log pass-bg">Pass</span></td>
        <td>3:51:16 PM</td>
        <td>
          Saved the category details
        </td>
      </tr>
      <tr class="event-row">
        <td><span class="badge log pass-bg">Pass</span></td>
        <td>3:51:21 PM</td>
        <td>
          Success validation message side popup appeared and closed the popup
        </td>
      </tr>
      <tr class="event-row">
        <td><span class="badge log pass-bg">Pass</span></td>
        <td>3:51:22 PM</td>
        <td>
          Navigated to TestCategory15_37_46 category from the category table
        </td>
      </tr>
      <tr class="event-row">
        <td><span class="badge log pass-bg">Pass</span></td>
        <td>3:51:24 PM</td>
        <td>
          Selected employee category type radio button
        </td>
      </tr>
      <tr class="event-row">
        <td><span class="badge log pass-bg">Pass</span></td>
        <td>3:51:24 PM</td>
        <td>
          Selected category as - TestCategory15_37_46
        </td>
      </tr>
      <tr class="event-row">
        <td><span class="badge log pass-bg">Pass</span></td>
        <td>3:51:24 PM</td>
        <td>
          Entered category standard cost date as - 23-09-2024
        </td>
      </tr>
      <tr class="event-row">
        <td><span class="badge log pass-bg">Pass</span></td>
        <td>3:51:24 PM</td>
        <td>
          Saved the category details
        </td>
      </tr>
      <tr class="event-row">
        <td><span class="badge log pass-bg">Pass</span></td>
        <td>3:51:29 PM</td>
        <td>
          Success validation message side popup appeared and closed the popup
        </td>
      </tr>
      <tr class="event-row">
        <td><span class="badge log pass-bg">Pass</span></td>
        <td>3:51:30 PM</td>
        <td>
          TestCategory15_37_46 category found in the category standard cost table table with employee input cost : 0.00 , general input cost : 0.00 and standard bill rate : 0.00
        </td>
      </tr>
      <tr class="event-row">
        <td><span class="badge log pass-bg">Pass</span></td>
        <td>3:51:31 PM</td>
        <td>
          Navigated to TestCategory15_37_46 category from the category table
        </td>
      </tr>
      <tr class="event-row">
        <td><span class="badge log pass-bg">Pass</span></td>
        <td>3:51:31 PM</td>
        <td>
          Category history with start date as 23-09-2024 is present with 0.00 input cost and 0.00 bill rate
        </td>
      </tr>
      <tr class="event-row">
        <td><span class="badge log pass-bg">Pass</span></td>
        <td>3:51:32 PM</td>
        <td>
          Selected employee category type radio button
        </td>
      </tr>
      <tr class="event-row">
        <td><span class="badge log pass-bg">Pass</span></td>
        <td>3:51:32 PM</td>
        <td>
          Category history with start date as 23-09-2024 is present with 0.00 input cost and 0.00 bill rate
        </td>
      </tr>
      <tr class="event-row">
        <td><span class="badge log pass-bg">Pass</span></td>
        <td>3:51:34 PM</td>
        <td>
          Switched to category tab
        </td>
      </tr>
      <tr class="event-row">
        <td><span class="badge log pass-bg">Pass</span></td>
        <td>3:51:36 PM</td>
        <td>
          Clicked the TestCategory15_37_46 category delete icon from the category table
        </td>
      </tr>
      <tr class="event-row">
        <td><span class="badge log pass-bg">Pass</span></td>
        <td>3:51:36 PM</td>
        <td>
          Accepted the alert
        </td>
      </tr>
      <tr class="event-row">
        <td><span class="badge log pass-bg">Pass</span></td>
        <td>3:51:40 PM</td>
        <td>
          Success validation message side popup appeared and closed the popup
        </td>
      </tr>
      <tr class="event-row">
        <td><span class="badge log pass-bg">Pass</span></td>
        <td>3:51:42 PM</td>
        <td>
          TestCategory15_37_46 category not found in the category table
        </td>
      </tr>
      <tr class="event-row">
        <td><span class="badge log pass-bg">Pass</span></td>
        <td>3:51:44 PM</td>
        <td>
          verifyInputAndOutputCostNotMandatoryInCategoryStandard is passed
        </td>
      </tr>
  </tbody>
</table>
</div>
          </div>
        </li>
        <li class="test-item"  status="fail" test-id="21"
          author=""
          tag=""
          device="">
          <div class="test-detail">
            <p class="name">verifyValidationMessageIsDisplayedNotSavingTaskMemberDetails</p>
            <p class="text-sm">
              <span>3:51:51 PM</span> / <span>00:00:35:400</span>
              <span class="badge fail-bg log float-right">Fail</span>
            </p>
          </div>
          <div class="test-contents d-none">
<div class="detail-head">
<div class="p-v-10">
<div class="info">
<h5 class="test-status text-fail">verifyValidationMessageIsDisplayedNotSavingTaskMemberDetails</h5>
<span class='badge badge-success'>09.23.2024 3:51:51 PM</span>
<span class='badge badge-danger'>09.23.2024 3:52:26 PM</span>
<span class='badge badge-default'>00:00:35:400</span>
&middot; <span class='uri-anchor badge badge-default'>#test-id=21</span>
<span title='Skip to the next failed step' class='badge badge-danger pointer float-right ne ml-1'><i class="fa fa-fast-forward"></i></span>
<span title='Collapse all nodes' class='badge badge-default pointer float-right ct ml-1'><i class="fa fa-compress"></i></span>
<span title='Expand all nodes' class='badge badge-default pointer float-right et'><i class="fa fa-expand"></i></span>
</div>
</div>
</div>    <div class="row mb-3"><div class="col-md-3">
    

<img data-featherlight='C:\UI-E2E-Testing/src/test/java/TestReport/FailTestsScreenCapture/verifyValidationMessageIsDisplayedNotSavingTaskMemberDetails.png' src="C:\UI-E2E-Testing/src/test/java/TestReport/FailTestsScreenCapture/verifyValidationMessageIsDisplayedNotSavingTaskMemberDetails.png">
  
    

    </div></div>
<div class="detail-body mt-4">
<table class="table table-sm">
  <thead><tr><th class="status-col">Status</th><th class="timestamp-col">Timestamp</th><th class="details-col">Details</th></tr></thead>
  <tbody>
      <tr class="event-row">
        <td><span class="badge log pass-bg">Pass</span></td>
        <td>3:51:51 PM</td>
        <td>
          Navigated to projects module from the side menu
        </td>
      </tr>
      <tr class="event-row">
        <td><span class="badge log pass-bg">Pass</span></td>
        <td>3:51:56 PM</td>
        <td>
          Selected create new agile project option
        </td>
      </tr>
      <tr class="event-row">
        <td><span class="badge log pass-bg">Pass</span></td>
        <td>3:51:56 PM</td>
        <td>
          Defined project name as - DemoAgileProject15_37_46
        </td>
      </tr>
      <tr class="event-row">
        <td><span class="badge log pass-bg">Pass</span></td>
        <td>3:52:02 PM</td>
        <td>
          Selected project priority as - Low
        </td>
      </tr>
      <tr class="event-row">
        <td><span class="badge log pass-bg">Pass</span></td>
        <td>3:52:03 PM</td>
        <td>
          Selected project type as - Consulting
        </td>
      </tr>
      <tr class="event-row">
        <td><span class="badge log pass-bg">Pass</span></td>
        <td>3:52:04 PM</td>
        <td>
          Unchecked the enable sprint checkbox
        </td>
      </tr>
      <tr class="event-row">
        <td><span class="badge log pass-bg">Pass</span></td>
        <td>3:52:20 PM</td>
        <td>
          Saved the project general details
        </td>
      </tr>
      <tr class="event-row">
        <td><span class="badge log pass-bg">Pass</span></td>
        <td>3:52:22 PM</td>
        <td>
          Navigated to project board tab
        </td>
      </tr>
      <tr class="event-row">
        <td><span class="badge log pass-bg">Pass</span></td>
        <td>3:52:23 PM</td>
        <td>
          Clicked the create task button in the board
        </td>
      </tr>
      <tr class="event-row">
        <td><span class="badge log pass-bg">Pass</span></td>
        <td>3:52:24 PM</td>
        <td>
          Entered task name as - DemoTestTask
        </td>
      </tr>
      <tr class="event-row">
        <td><span class="badge log pass-bg">Pass</span></td>
        <td>3:52:26 PM</td>
        <td>
          Clicked the task popup save button
        </td>
      </tr>
      <tr class="event-row">
        <td><span class="badge log fail-bg">Fail</span></td>
        <td>3:52:26 PM</td>
        <td>
          <span class='badge white-text red'>verifyValidationMessageIsDisplayedNotSavingTaskMemberDetails is failed</span>
        </td>
      </tr>
      <tr class="event-row">
        <td><span class="badge log fail-bg">Fail</span></td>
        <td>3:52:26 PM</td>
        <td>
          <span class='badge white-text red'>org.openqa.selenium.UnhandledAlertException: unexpected alert open: {Alert text : You have unsaved data. Are you sure you want to leave this page?}
  (Session info: chrome=128.0.6613.139): You have unsaved data. Are you sure you want to leave this page?
Build info: version: '4.22.0', revision: 'c5f3146703*'
System info: os.name: 'Windows 10', os.arch: 'amd64', os.version: '10.0', java.version: '17.0.7'
Driver info: org.openqa.selenium.chrome.ChromeDriver
Command: [a2ee801c12eb3e61801643a477299d9c, findElement {value=//div[@id='modelForTask'], using=xpath}]
Capabilities {acceptInsecureCerts: false, browserName: chrome, browserVersion: 128.0.6613.139, chrome: {chromedriverVersion: 128.0.6613.137 (fe621c5aa2d..., userDataDir: C:\Users\Admin\AppData\Loca...}, fedcm:accounts: true, goog:chromeOptions: {debuggerAddress: localhost:60162}, networkConnectionEnabled: false, pageLoadStrategy: normal, platformName: windows, proxy: Proxy(), se:cdp: ws://localhost:60162/devtoo..., se:cdpVersion: 128.0.6613.139, setWindowRect: true, strictFileInteractability: false, timeouts: {implicit: 0, pageLoad: 300000, script: 30000}, unhandledPromptBehavior: dismiss and notify, webauthn:extension:credBlob: true, webauthn:extension:largeBlob: true, webauthn:extension:minPinLength: true, webauthn:extension:prf: true, webauthn:virtualAuthenticators: true}
Session ID: a2ee801c12eb3e61801643a477299d9c</span>
        </td>
      </tr>
  </tbody>
</table>
</div>
          </div>
        </li>
        <li class="test-item"  status="fail" test-id="22"
          author=""
          tag=""
          device="">
          <div class="test-detail">
            <p class="name">compareGanttDetailsFromGanttSnapshot</p>
            <p class="text-sm">
              <span>3:52:32 PM</span> / <span>00:01:34:811</span>
              <span class="badge fail-bg log float-right">Fail</span>
            </p>
          </div>
          <div class="test-contents d-none">
<div class="detail-head">
<div class="p-v-10">
<div class="info">
<h5 class="test-status text-fail">compareGanttDetailsFromGanttSnapshot</h5>
<span class='badge badge-success'>09.23.2024 3:52:32 PM</span>
<span class='badge badge-danger'>09.23.2024 3:54:07 PM</span>
<span class='badge badge-default'>00:01:34:811</span>
&middot; <span class='uri-anchor badge badge-default'>#test-id=22</span>
<span title='Skip to the next failed step' class='badge badge-danger pointer float-right ne ml-1'><i class="fa fa-fast-forward"></i></span>
<span title='Collapse all nodes' class='badge badge-default pointer float-right ct ml-1'><i class="fa fa-compress"></i></span>
<span title='Expand all nodes' class='badge badge-default pointer float-right et'><i class="fa fa-expand"></i></span>
</div>
</div>
</div>    <div class="row mb-3"><div class="col-md-3">
    

<img data-featherlight='C:\UI-E2E-Testing/src/test/java/TestReport/FailTestsScreenCapture/compareGanttDetailsFromGanttSnapshot.png' src="C:\UI-E2E-Testing/src/test/java/TestReport/FailTestsScreenCapture/compareGanttDetailsFromGanttSnapshot.png">
  
    

    </div></div>
<div class="detail-body mt-4">
<table class="table table-sm">
  <thead><tr><th class="status-col">Status</th><th class="timestamp-col">Timestamp</th><th class="details-col">Details</th></tr></thead>
  <tbody>
      <tr class="event-row">
        <td><span class="badge log pass-bg">Pass</span></td>
        <td>3:52:33 PM</td>
        <td>
          Navigated to projects module from the side menu
        </td>
      </tr>
      <tr class="event-row">
        <td><span class="badge log pass-bg">Pass</span></td>
        <td>3:52:36 PM</td>
        <td>
          Entered test carga mpp project name in the project name filter
        </td>
      </tr>
      <tr class="event-row">
        <td><span class="badge log pass-bg">Pass</span></td>
        <td>3:52:36 PM</td>
        <td>
          Checked the active projects filter checkbox
        </td>
      </tr>
      <tr class="event-row">
        <td><span class="badge log pass-bg">Pass</span></td>
        <td>3:52:37 PM</td>
        <td>
          Clicked the filter apply button
        </td>
      </tr>
      <tr class="event-row">
        <td><span class="badge log pass-bg">Pass</span></td>
        <td>3:52:52 PM</td>
        <td>
          Navigated to test carga mpp project
        </td>
      </tr>
      <tr class="event-row">
        <td><span class="badge log pass-bg">Pass</span></td>
        <td>3:52:57 PM</td>
        <td>
          Navigated to gantt tab
        </td>
      </tr>
      <tr class="event-row">
        <td><span class="badge log pass-bg">Pass</span></td>
        <td>3:52:58 PM</td>
        <td>
          Fetched the project start, end date and project completed percentage from the gantt tab
        </td>
      </tr>
      <tr class="event-row">
        <td><span class="badge log pass-bg">Pass</span></td>
        <td>3:52:58 PM</td>
        <td>
          Fetched the first task details from the gantt tab
        </td>
      </tr>
      <tr class="event-row">
        <td><span class="badge log pass-bg">Pass</span></td>
        <td>3:52:58 PM</td>
        <td>
          Clicked the gantt snapshot icon
        </td>
      </tr>
      <tr class="event-row">
        <td><span class="badge log pass-bg">Pass</span></td>
        <td>3:52:59 PM</td>
        <td>
          Deleted the last gantt snapshot
        </td>
      </tr>
      <tr class="event-row">
        <td><span class="badge log pass-bg">Pass</span></td>
        <td>3:52:59 PM</td>
        <td>
          Clicked the gantt share popup done button
        </td>
      </tr>
      <tr class="event-row">
        <td><span class="badge log pass-bg">Pass</span></td>
        <td>3:53:00 PM</td>
        <td>
          Clicked the gantt snapshot icon
        </td>
      </tr>
      <tr class="event-row">
        <td><span class="badge log pass-bg">Pass</span></td>
        <td>3:53:01 PM</td>
        <td>
          Created gantt snapshot
        </td>
      </tr>
      <tr class="event-row">
        <td><span class="badge log pass-bg">Pass</span></td>
        <td>3:53:03 PM</td>
        <td>
          Copied the gantt snapshot link
        </td>
      </tr>
      <tr class="event-row">
        <td><span class="badge log pass-bg">Pass</span></td>
        <td>3:53:04 PM</td>
        <td>
          Clicked the gantt share popup done button
        </td>
      </tr>
      <tr class="event-row">
        <td><span class="badge log pass-bg">Pass</span></td>
        <td>3:53:07 PM</td>
        <td>
          Opened gantt snapshot on incognito window
        </td>
      </tr>
      <tr class="event-row">
        <td><span class="badge log fail-bg">Fail</span></td>
        <td>3:54:07 PM</td>
        <td>
          <span class='badge white-text red'>compareGanttDetailsFromGanttSnapshot is failed</span>
        </td>
      </tr>
      <tr class="event-row">
        <td><span class="badge log fail-bg">Fail</span></td>
        <td>3:54:07 PM</td>
        <td>
          <span class='badge white-text red'>org.openqa.selenium.TimeoutException: Expected condition failed: waiting for visibility of element located by By.xpath: //div[@id='gantt-header']/h1 (tried for 60 second(s) with 500 milliseconds interval)
Build info: version: '4.22.0', revision: 'c5f3146703*'
System info: os.name: 'Windows 10', os.arch: 'amd64', os.version: '10.0', java.version: '17.0.7'
Driver info: org.openqa.selenium.chrome.ChromeDriver
Capabilities {acceptInsecureCerts: false, browserName: chrome, browserVersion: 128.0.6613.139, chrome: {chromedriverVersion: 128.0.6613.137 (fe621c5aa2d..., userDataDir: C:\Users\Admin\AppData\Loca...}, fedcm:accounts: true, goog:chromeOptions: {debuggerAddress: localhost:60290}, networkConnectionEnabled: false, pageLoadStrategy: normal, platformName: windows, proxy: Proxy(), se:cdp: ws://localhost:60290/devtoo..., se:cdpVersion: 128.0.6613.139, setWindowRect: true, strictFileInteractability: false, timeouts: {implicit: 0, pageLoad: 300000, script: 30000}, unhandledPromptBehavior: dismiss and notify, webauthn:extension:credBlob: true, webauthn:extension:largeBlob: true, webauthn:extension:minPinLength: true, webauthn:extension:prf: true, webauthn:virtualAuthenticators: true}
Session ID: 706d6aee5765489dcb5cab11bd93a8de</span>
        </td>
      </tr>
  </tbody>
</table>
</div>
          </div>
        </li>
        <li class="test-item"  status="pass" test-id="23"
          author=""
          tag=""
          device="">
          <div class="test-detail">
            <p class="name">verifyCategoryAmountFromMyProfessionalPage</p>
            <p class="text-sm">
              <span>3:54:15 PM</span> / <span>00:00:25:171</span>
              <span class="badge pass-bg log float-right">Pass</span>
            </p>
          </div>
          <div class="test-contents d-none">
<div class="detail-head">
<div class="p-v-10">
<div class="info">
<h5 class="test-status text-pass">verifyCategoryAmountFromMyProfessionalPage</h5>
<span class='badge badge-success'>09.23.2024 3:54:15 PM</span>
<span class='badge badge-danger'>09.23.2024 3:54:41 PM</span>
<span class='badge badge-default'>00:00:25:171</span>
&middot; <span class='uri-anchor badge badge-default'>#test-id=23</span>
<span title='Skip to the next failed step' class='badge badge-danger pointer float-right ne ml-1'><i class="fa fa-fast-forward"></i></span>
<span title='Collapse all nodes' class='badge badge-default pointer float-right ct ml-1'><i class="fa fa-compress"></i></span>
<span title='Expand all nodes' class='badge badge-default pointer float-right et'><i class="fa fa-expand"></i></span>
</div>
</div>
</div><div class="detail-body mt-4">
<table class="table table-sm">
  <thead><tr><th class="status-col">Status</th><th class="timestamp-col">Timestamp</th><th class="details-col">Details</th></tr></thead>
  <tbody>
      <tr class="event-row">
        <td><span class="badge log pass-bg">Pass</span></td>
        <td>3:54:18 PM</td>
        <td>
          Navigated to categories and rates module from the side menu
        </td>
      </tr>
      <tr class="event-row">
        <td><span class="badge log pass-bg">Pass</span></td>
        <td>3:54:19 PM</td>
        <td>
          Switched to categories standard tab
        </td>
      </tr>
      <tr class="event-row">
        <td><span class="badge log pass-bg">Pass</span></td>
        <td>3:54:20 PM</td>
        <td>
          Fetched the category input and output cost for Default category from the category cost table
        </td>
      </tr>
      <tr class="event-row">
        <td><span class="badge log pass-bg">Pass</span></td>
        <td>3:54:23 PM</td>
        <td>
          Navigated to users module from the side menu
        </td>
      </tr>
      <tr class="event-row">
        <td><span class="badge log pass-bg">Pass</span></td>
        <td>3:54:25 PM</td>
        <td>
          Filtered users table data for st.qa07@gmail.com user
        </td>
      </tr>
      <tr class="event-row">
        <td><span class="badge log pass-bg">Pass</span></td>
        <td>3:54:27 PM</td>
        <td>
          Clicked the user page filter apply button
        </td>
      </tr>
      <tr class="event-row">
        <td><span class="badge log pass-bg">Pass</span></td>
        <td>3:54:36 PM</td>
        <td>
          Navigated to user details page for st.qa07@gmail.com user
        </td>
      </tr>
      <tr class="event-row">
        <td><span class="badge log pass-bg">Pass</span></td>
        <td>3:54:39 PM</td>
        <td>
          Navigated to the position tab
        </td>
      </tr>
      <tr class="event-row">
        <td><span class="badge log pass-bg">Pass</span></td>
        <td>3:54:41 PM</td>
        <td>
          Selected Default category for the user
        </td>
      </tr>
      <tr class="event-row">
        <td><span class="badge log pass-bg">Pass</span></td>
        <td>3:54:41 PM</td>
        <td>
          Category cost displayed in the position tab is as expected. Input cost - 13.00  (EUR) and output cost - 45.00  (EUR)
        </td>
      </tr>
      <tr class="event-row">
        <td><span class="badge log pass-bg">Pass</span></td>
        <td>3:54:41 PM</td>
        <td>
          verifyCategoryAmountFromMyProfessionalPage is passed
        </td>
      </tr>
  </tbody>
</table>
</div>
          </div>
        </li>
        <li class="test-item"  status="fail" test-id="24"
          author=""
          tag=""
          device="">
          <div class="test-detail">
            <p class="name">VerifyPasswordUpdateIsNotRequiredWhenChangingUserEmail</p>
            <p class="text-sm">
              <span>3:54:56 PM</span> / <span>00:00:32:595</span>
              <span class="badge fail-bg log float-right">Fail</span>
            </p>
          </div>
          <div class="test-contents d-none">
<div class="detail-head">
<div class="p-v-10">
<div class="info">
<h5 class="test-status text-fail">VerifyPasswordUpdateIsNotRequiredWhenChangingUserEmail</h5>
<span class='badge badge-success'>09.23.2024 3:54:56 PM</span>
<span class='badge badge-danger'>09.23.2024 3:55:29 PM</span>
<span class='badge badge-default'>00:00:32:595</span>
&middot; <span class='uri-anchor badge badge-default'>#test-id=24</span>
<span title='Skip to the next failed step' class='badge badge-danger pointer float-right ne ml-1'><i class="fa fa-fast-forward"></i></span>
<span title='Collapse all nodes' class='badge badge-default pointer float-right ct ml-1'><i class="fa fa-compress"></i></span>
<span title='Expand all nodes' class='badge badge-default pointer float-right et'><i class="fa fa-expand"></i></span>
</div>
</div>
</div>    <div class="row mb-3"><div class="col-md-3">
    

<img data-featherlight='C:\UI-E2E-Testing/src/test/java/TestReport/FailTestsScreenCapture/VerifyPasswordUpdateIsNotRequiredWhenChangingUserEmail.png' src="C:\UI-E2E-Testing/src/test/java/TestReport/FailTestsScreenCapture/VerifyPasswordUpdateIsNotRequiredWhenChangingUserEmail.png">
  
    

    </div></div>
<div class="detail-body mt-4">
<table class="table table-sm">
  <thead><tr><th class="status-col">Status</th><th class="timestamp-col">Timestamp</th><th class="details-col">Details</th></tr></thead>
  <tbody>
      <tr class="event-row">
        <td><span class="badge log pass-bg">Pass</span></td>
        <td>3:55:00 PM</td>
        <td>
          Navigated to users module from the side menu
        </td>
      </tr>
      <tr class="event-row">
        <td><span class="badge log pass-bg">Pass</span></td>
        <td>3:55:01 PM</td>
        <td>
          Filtered users table data for st.qa07@gmail.com user
        </td>
      </tr>
      <tr class="event-row">
        <td><span class="badge log pass-bg">Pass</span></td>
        <td>3:55:03 PM</td>
        <td>
          Clicked the user page filter apply button
        </td>
      </tr>
      <tr class="event-row">
        <td><span class="badge log pass-bg">Pass</span></td>
        <td>3:55:03 PM</td>
        <td>
          User with st.qa07@gmail.com email and Ravinder Singh display name found
        </td>
      </tr>
      <tr class="event-row">
        <td><span class="badge log pass-bg">Pass</span></td>
        <td>3:55:09 PM</td>
        <td>
          Navigated to user details page for st.qa07@gmail.com user
        </td>
      </tr>
      <tr class="event-row">
        <td><span class="badge log pass-bg">Pass</span></td>
        <td>3:55:09 PM</td>
        <td>
          Entered user email as test123@gmail.com
        </td>
      </tr>
      <tr class="event-row">
        <td><span class="badge log fail-bg">Fail</span></td>
        <td>3:55:29 PM</td>
        <td>
          <span class='badge white-text red'>VerifyPasswordUpdateIsNotRequiredWhenChangingUserEmail is failed</span>
        </td>
      </tr>
      <tr class="event-row">
        <td><span class="badge log fail-bg">Fail</span></td>
        <td>3:55:29 PM</td>
        <td>
          <span class='badge white-text red'>org.openqa.selenium.TimeoutException: Expected condition failed: waiting for visibility of element located by By.xpath: //div[contains(@class,'success-msg') and contains(@style,'display: block')] (tried for 20 second(s) with 500 milliseconds interval)
Build info: version: '4.22.0', revision: 'c5f3146703*'
System info: os.name: 'Windows 10', os.arch: 'amd64', os.version: '10.0', java.version: '17.0.7'
Driver info: org.openqa.selenium.chrome.ChromeDriver
Capabilities {acceptInsecureCerts: false, browserName: chrome, browserVersion: 128.0.6613.139, chrome: {chromedriverVersion: 128.0.6613.137 (fe621c5aa2d..., userDataDir: C:\Users\Admin\AppData\Loca...}, fedcm:accounts: true, goog:chromeOptions: {debuggerAddress: localhost:60431}, networkConnectionEnabled: false, pageLoadStrategy: normal, platformName: windows, proxy: Proxy(), se:cdp: ws://localhost:60431/devtoo..., se:cdpVersion: 128.0.6613.139, setWindowRect: true, strictFileInteractability: false, timeouts: {implicit: 0, pageLoad: 300000, script: 30000}, unhandledPromptBehavior: dismiss and notify, webauthn:extension:credBlob: true, webauthn:extension:largeBlob: true, webauthn:extension:minPinLength: true, webauthn:extension:prf: true, webauthn:virtualAuthenticators: true}
Session ID: 2fa650fd22193be1404c4612b0c8f523</span>
        </td>
      </tr>
  </tbody>
</table>
</div>
          </div>
        </li>
        <li class="test-item"  status="fail" test-id="25"
          author=""
          tag=""
          device="">
          <div class="test-detail">
            <p class="name">automaticProgressReportDefaultEnabledChecked</p>
            <p class="text-sm">
              <span>3:55:58 PM</span> / <span>00:00:55:584</span>
              <span class="badge fail-bg log float-right">Fail</span>
            </p>
          </div>
          <div class="test-contents d-none">
<div class="detail-head">
<div class="p-v-10">
<div class="info">
<h5 class="test-status text-fail">automaticProgressReportDefaultEnabledChecked</h5>
<span class='badge badge-success'>09.23.2024 3:55:58 PM</span>
<span class='badge badge-danger'>09.23.2024 3:56:54 PM</span>
<span class='badge badge-default'>00:00:55:584</span>
&middot; <span class='uri-anchor badge badge-default'>#test-id=25</span>
<span title='Skip to the next failed step' class='badge badge-danger pointer float-right ne ml-1'><i class="fa fa-fast-forward"></i></span>
<span title='Collapse all nodes' class='badge badge-default pointer float-right ct ml-1'><i class="fa fa-compress"></i></span>
<span title='Expand all nodes' class='badge badge-default pointer float-right et'><i class="fa fa-expand"></i></span>
</div>
</div>
</div>    <div class="row mb-3"><div class="col-md-3">
    

<img data-featherlight='C:\UI-E2E-Testing/src/test/java/TestReport/FailTestsScreenCapture/automaticProgressReportDefaultEnabledChecked.png' src="C:\UI-E2E-Testing/src/test/java/TestReport/FailTestsScreenCapture/automaticProgressReportDefaultEnabledChecked.png">
  
    

    </div></div>
<div class="detail-body mt-4">
<table class="table table-sm">
  <thead><tr><th class="status-col">Status</th><th class="timestamp-col">Timestamp</th><th class="details-col">Details</th></tr></thead>
  <tbody>
      <tr class="event-row">
        <td><span class="badge log pass-bg">Pass</span></td>
        <td>3:56:01 PM</td>
        <td>
          Navigated to users module from the side menu
        </td>
      </tr>
      <tr class="event-row">
        <td><span class="badge log pass-bg">Pass</span></td>
        <td>3:56:08 PM</td>
        <td>
          Clicked the create new user button
        </td>
      </tr>
      <tr class="event-row">
        <td><span class="badge log pass-bg">Pass</span></td>
        <td>3:56:09 PM</td>
        <td>
          Entered user email as testGanttProgressReportUser15_37_46@gmail.com
        </td>
      </tr>
      <tr class="event-row">
        <td><span class="badge log pass-bg">Pass</span></td>
        <td>3:56:14 PM</td>
        <td>
          Enter user personnel number as - 9999999999
        </td>
      </tr>
      <tr class="event-row">
        <td><span class="badge log pass-bg">Pass</span></td>
        <td>3:56:20 PM</td>
        <td>
          Entered user first name as - Demo
        </td>
      </tr>
      <tr class="event-row">
        <td><span class="badge log pass-bg">Pass</span></td>
        <td>3:56:25 PM</td>
        <td>
          Entered user last name as - Qa
        </td>
      </tr>
      <tr class="event-row">
        <td><span class="badge log pass-bg">Pass</span></td>
        <td>3:56:32 PM</td>
        <td>
          Entered user password as - sTQa07
        </td>
      </tr>
      <tr class="event-row">
        <td><span class="badge log pass-bg">Pass</span></td>
        <td>3:56:33 PM</td>
        <td>
          Full Access (PPM) user role is assigned to user
        </td>
      </tr>
      <tr class="event-row">
        <td><span class="badge log pass-bg">Pass</span></td>
        <td>3:56:33 PM</td>
        <td>
          Full Access (PPM)selected
        </td>
      </tr>
      <tr class="event-row">
        <td><span class="badge log fail-bg">Fail</span></td>
        <td>3:56:53 PM</td>
        <td>
          <span class='badge white-text red'>automaticProgressReportDefaultEnabledChecked is failed</span>
        </td>
      </tr>
      <tr class="event-row">
        <td><span class="badge log fail-bg">Fail</span></td>
        <td>3:56:53 PM</td>
        <td>
          <span class='badge white-text red'>org.openqa.selenium.TimeoutException: Expected condition failed: waiting for visibility of element located by By.xpath: //div[contains(@class,'success-msg') and contains(@style,'display: block')] (tried for 20 second(s) with 500 milliseconds interval)
Build info: version: '4.22.0', revision: 'c5f3146703*'
System info: os.name: 'Windows 10', os.arch: 'amd64', os.version: '10.0', java.version: '17.0.7'
Driver info: org.openqa.selenium.chrome.ChromeDriver
Capabilities {acceptInsecureCerts: false, browserName: chrome, browserVersion: 128.0.6613.139, chrome: {chromedriverVersion: 128.0.6613.137 (fe621c5aa2d..., userDataDir: C:\Users\Admin\AppData\Loca...}, fedcm:accounts: true, goog:chromeOptions: {debuggerAddress: localhost:60527}, networkConnectionEnabled: false, pageLoadStrategy: normal, platformName: windows, proxy: Proxy(), se:cdp: ws://localhost:60527/devtoo..., se:cdpVersion: 128.0.6613.139, setWindowRect: true, strictFileInteractability: false, timeouts: {implicit: 0, pageLoad: 300000, script: 30000}, unhandledPromptBehavior: dismiss and notify, webauthn:extension:credBlob: true, webauthn:extension:largeBlob: true, webauthn:extension:minPinLength: true, webauthn:extension:prf: true, webauthn:virtualAuthenticators: true}
Session ID: f3374631146da9e4e2db55d3ab553f5a</span>
        </td>
      </tr>
  </tbody>
</table>
</div>
          </div>
        </li>
      </ul>
    </div>
  </div>
<div class="test-content scrollable">
<div class="test-content-tools">
<ul><li><a class="back-to-test" href="#"><i class="fa fa-arrow-left"></i></a></li></ul>
</div>
<div class="test-content-detail"><div class="detail-body"></div></div>
</div></div>
        </div>
      </div>
    </div>
  </div>
<script src="https://cdn.jsdelivr.net/gh/extent-framework/extent-github-cdn@c05cd28cde1617b9d0c05a831daff6cb97fd9fd5/spark/js/spark-script.js"></script>
<script type="text/javascript"></script></body>
</html>